#-----------------------------------------------------------
# Vivado v2019.1 (64-bit)
# SW Build 2552052 on Fri May 24 14:47:09 MDT 2019
# IP Build 2548770 on Fri May 24 18:01:18 MDT 2019
# Start of session at: Sun Feb  5 21:38:36 2023
# Process ID: 368
# Current directory: /home/user/project
# Command line: vivado
# Log file: /home/user/project/vivado.log
# Journal file: /home/user/project/vivado.jou
#-----------------------------------------------------------
start_gui
open_project /home/user/project/smartnav-vivado.xpr
WARNING: [filemgmt 56-99] Vivado Synthesis ignores library specification for Verilog or SystemVerilog files. [/home/user/project/smartnav-vivado.srcs/sources_1/bd/design_1/hdl/design_1_wrapper.v:]
Scanning sources...
Finished scanning sources
WARNING: [filemgmt 56-99] Vivado Synthesis ignores library specification for Verilog or SystemVerilog files. [/home/user/project/smartnav-vivado.srcs/sources_1/bd/design_1/hdl/design_1_wrapper.v:]
WARNING: [filemgmt 56-99] Vivado Synthesis ignores library specification for Verilog or SystemVerilog files. [/home/user/project/smartnav-vivado.srcs/sources_1/bd/design_1/hdl/design_1_wrapper.v:]
WARNING: [filemgmt 56-3] IP Repository Path: Could not find the directory '/../Tesis/Petalinux_Projects/ov7670/ov7670.srcs'.
INFO: [IP_Flow 19-234] Refreshing IP repositories
WARNING: [IP_Flow 19-2248] Failed to load user IP repository '/home/user/project/Tesis/Petalinux_Projects/ov7670/ov7670.srcs'; Can't find the specified path.
If this directory should no longer be in your list of user repositories, go to the IP Settings dialog and remove it.
INFO: [IP_Flow 19-2313] Loaded Vivado IP repository '/opt/Xilinx/Vivado/2019.1/data/ip'.
open_project: Time (s): cpu = 00:00:32 ; elapsed = 00:00:21 . Memory (MB): peak = 6603.980 ; gain = 225.516 ; free physical = 1609 ; free virtual = 18771
update_compile_order -fileset sources_1
exit
INFO: [Common 17-206] Exiting Vivado at Sun Feb  5 21:50:39 2023...
