Copyright 1986-2019 Xilinx, Inc. All Rights Reserved.
----------------------------------------------------------------------------------------------------------------------------------------------------------------------
| Tool Version     : Vivado v.2019.1 (lin64) Build 2552052 Fri May 24 14:47:09 MDT 2019
| Date             : Mon Mar 20 20:20:24 2023
| Host             : kuhiu-Aspire-A515-51G running 64-bit Ubuntu 18.04.6 LTS
| Command          : report_power -file design_1_wrapper_power_routed.rpt -pb design_1_wrapper_power_summary_routed.pb -rpx design_1_wrapper_power_routed.rpx
| Design           : design_1_wrapper
| Device           : xc7z010clg400-1
| Design State     : routed
| Grade            : commercial
| Process          : typical
| Characterization : Production
----------------------------------------------------------------------------------------------------------------------------------------------------------------------

Power Report

Table of Contents
-----------------
1. Summary
1.1 On-Chip Components
1.2 Power Supply Summary
1.3 Confidence Level
2. Settings
2.1 Environment
2.2 Clock Constraints
3. Detailed Reports
3.1 By Hierarchy

1. Summary
----------

+--------------------------+--------------+
| Total On-Chip Power (W)  | 1.653        |
| Design Power Budget (W)  | Unspecified* |
| Power Budget Margin (W)  | NA           |
| Dynamic (W)              | 1.525        |
| Device Static (W)        | 0.127        |
| Effective TJA (C/W)      | 11.5         |
| Max Ambient (C)          | 65.9         |
| Junction Temperature (C) | 44.1         |
| Confidence Level         | Low          |
| Setting File             | ---          |
| Simulation Activity File | ---          |
| Design Nets Matched      | NA           |
+--------------------------+--------------+
* Specify Design Power Budget using, set_operating_conditions -design_power_budget <value in Watts>


1.1 On-Chip Components
----------------------

+--------------------------+-----------+----------+-----------+-----------------+
| On-Chip                  | Power (W) | Used     | Available | Utilization (%) |
+--------------------------+-----------+----------+-----------+-----------------+
| Clocks                   |     0.034 |        6 |       --- |             --- |
| Slice Logic              |     0.024 |    30636 |       --- |             --- |
|   LUT as Logic           |     0.020 |    11526 |     17600 |           65.49 |
|   CARRY4                 |     0.002 |     1004 |      4400 |           22.82 |
|   Register               |     0.001 |    13013 |     35200 |           36.97 |
|   LUT as Distributed RAM |     0.001 |      312 |      6000 |            5.20 |
|   LUT as Shift Register  |    <0.001 |      506 |      6000 |            8.43 |
|   F7/F8 Muxes            |    <0.001 |      177 |     17600 |            1.01 |
|   BUFG                   |    <0.001 |        1 |        32 |            3.13 |
|   Others                 |     0.000 |     1480 |       --- |             --- |
| Signals                  |     0.034 |    21570 |       --- |             --- |
| Block RAM                |     0.016 |     46.5 |        60 |           77.50 |
| DSPs                     |     0.003 |       14 |        80 |           17.50 |
| I/O                      |     0.010 |       32 |       100 |           32.00 |
| PS7                      |     1.404 |        1 |       --- |             --- |
| Static Power             |     0.127 |          |           |                 |
| Total                    |     1.653 |          |           |                 |
+--------------------------+-----------+----------+-----------+-----------------+


1.2 Power Supply Summary
------------------------

+-----------+-------------+-----------+-------------+------------+
| Source    | Voltage (V) | Total (A) | Dynamic (A) | Static (A) |
+-----------+-------------+-----------+-------------+------------+
| Vccint    |       1.000 |     0.119 |       0.110 |      0.009 |
| Vccaux    |       1.800 |     0.008 |       0.000 |      0.008 |
| Vcco33    |       3.300 |     0.004 |       0.003 |      0.001 |
| Vcco25    |       2.500 |     0.000 |       0.000 |      0.000 |
| Vcco18    |       1.800 |     0.000 |       0.000 |      0.000 |
| Vcco15    |       1.500 |     0.000 |       0.000 |      0.000 |
| Vcco135   |       1.350 |     0.000 |       0.000 |      0.000 |
| Vcco12    |       1.200 |     0.000 |       0.000 |      0.000 |
| Vccaux_io |       1.800 |     0.000 |       0.000 |      0.000 |
| Vccbram   |       1.000 |     0.004 |       0.001 |      0.003 |
| MGTAVcc   |       1.000 |     0.000 |       0.000 |      0.000 |
| MGTAVtt   |       1.200 |     0.000 |       0.000 |      0.000 |
| MGTVccaux |       1.800 |     0.000 |       0.000 |      0.000 |
| Vccpint   |       1.000 |     0.752 |       0.722 |      0.030 |
| Vccpaux   |       1.800 |     0.062 |       0.051 |      0.010 |
| Vccpll    |       1.800 |     0.017 |       0.014 |      0.003 |
| Vcco_ddr  |       1.350 |     0.413 |       0.411 |      0.002 |
| Vcco_mio0 |       3.300 |     0.003 |       0.002 |      0.001 |
| Vcco_mio1 |       1.800 |     0.003 |       0.002 |      0.001 |
| Vccadc    |       1.800 |     0.020 |       0.000 |      0.020 |
+-----------+-------------+-----------+-------------+------------+


1.3 Confidence Level
--------------------

+-----------------------------+------------+--------------------------------------------------------+------------------------------------------------------------------------------------------------------------+
| User Input Data             | Confidence | Details                                                | Action                                                                                                     |
+-----------------------------+------------+--------------------------------------------------------+------------------------------------------------------------------------------------------------------------+
| Design implementation state | High       | Design is routed                                       |                                                                                                            |
| Clock nodes activity        | High       | User specified more than 95% of clocks                 |                                                                                                            |
| I/O nodes activity          | Low        | More than 75% of inputs are missing user specification | Provide missing input activity with simulation results or by editing the "By Resource Type -> I/Os" view   |
| Internal nodes activity     | Medium     | User specified less than 25% of internal nodes         | Provide missing internal nodes activity with simulation results or by editing the "By Resource Type" views |
| Device models               | High       | Device models are Production                           |                                                                                                            |
|                             |            |                                                        |                                                                                                            |
| Overall confidence level    | Low        |                                                        |                                                                                                            |
+-----------------------------+------------+--------------------------------------------------------+------------------------------------------------------------------------------------------------------------+


2. Settings
-----------

2.1 Environment
---------------

+-----------------------+------------------------+
| Ambient Temp (C)      | 25.0                   |
| ThetaJA (C/W)         | 11.5                   |
| Airflow (LFM)         | 250                    |
| Heat Sink             | none                   |
| ThetaSA (C/W)         | 0.0                    |
| Board Selection       | medium (10"x10")       |
| # of Board Layers     | 8to11 (8 to 11 Layers) |
| Board Temperature (C) | 25.0                   |
+-----------------------+------------------------+


2.2 Clock Constraints
---------------------

+------------------------------------------------------------+-------------------------------------------------------------+-----------------+
| Clock                                                      | Domain                                                      | Constraint (ns) |
+------------------------------------------------------------+-------------------------------------------------------------+-----------------+
| clk_fpga_0                                                 | design_1_i/processing_system7_0/inst/FCLK_CLK_unbuffered[0] |            10.0 |
| clk_fpga_1                                                 | design_1_i/processing_system7_0/inst/FCLK_CLK_unbuffered[1] |            40.0 |
| design_1_i/mdm_1/U0/Use_E2.BSCAN_I/Use_E2.BSCANE2_I/DRCK   | design_1_i/mdm_1/U0/Use_E2.BSCAN_I/DRCK                     |            33.3 |
| design_1_i/mdm_1/U0/Use_E2.BSCAN_I/Use_E2.BSCANE2_I/UPDATE | design_1_i/mdm_1/U0/Use_E2.BSCAN_I/Dbg_Update_0             |            33.3 |
+------------------------------------------------------------+-------------------------------------------------------------+-----------------+


3. Detailed Reports
-------------------

3.1 By Hierarchy
----------------

+-------------------------------+-----------+
| Name                          | Power (W) |
+-------------------------------+-----------+
| design_1_wrapper              |     1.525 |
|   design_1_i                  |     1.515 |
|     axi_timer_0               |     0.002 |
|       U0                      |     0.002 |
|     axi_timer_1               |     0.002 |
|       U0                      |     0.002 |
|     axi_timer_2               |     0.002 |
|       U0                      |     0.002 |
|     axi_timer_3               |     0.002 |
|       U0                      |     0.002 |
|     mailbox_0                 |     0.001 |
|       U0                      |     0.001 |
|     microblaze_0              |     0.015 |
|       U0                      |     0.015 |
|     microblaze_0_local_memory |     0.004 |
|       lmb_bram                |     0.004 |
|     processing_system7_0      |     1.406 |
|       inst                    |     1.406 |
|     ps7_0_axi_periph          |     0.004 |
|       s00_couplers            |     0.003 |
|       xbar                    |     0.001 |
|     smartconnect_0            |     0.011 |
|       inst                    |     0.011 |
|     v_demosaic_0              |     0.022 |
|       inst                    |     0.022 |
|     v_frmbuf_wr_0             |     0.037 |
|       inst                    |     0.037 |
|     v_vid_in_axi4s_0          |     0.002 |
|       inst                    |     0.002 |
+-------------------------------+-----------+


