\BOOKMARK [0][-]{chapter.1}{\376\377\0001\000\040\000N\000a\000m\000e\000s\000p\000a\000c\000e\000\040\000I\000n\000d\000e\000x}{}% 1
\BOOKMARK [1][-]{section.1.1}{\376\377\0001\000.\0001\000\040\000N\000a\000m\000e\000s\000p\000a\000c\000e\000\040\000L\000i\000s\000t}{chapter.1}% 2
\BOOKMARK [0][-]{chapter.2}{\376\377\0002\000\040\000H\000i\000e\000r\000a\000r\000c\000h\000i\000c\000a\000l\000\040\000I\000n\000d\000e\000x}{}% 3
\BOOKMARK [1][-]{section.2.1}{\376\377\0002\000.\0001\000\040\000C\000l\000a\000s\000s\000\040\000H\000i\000e\000r\000a\000r\000c\000h\000y}{chapter.2}% 4
\BOOKMARK [0][-]{chapter.3}{\376\377\0003\000\040\000C\000l\000a\000s\000s\000\040\000I\000n\000d\000e\000x}{}% 5
\BOOKMARK [1][-]{section.3.1}{\376\377\0003\000.\0001\000\040\000C\000l\000a\000s\000s\000\040\000L\000i\000s\000t}{chapter.3}% 6
\BOOKMARK [0][-]{chapter.4}{\376\377\0004\000\040\000F\000i\000l\000e\000\040\000I\000n\000d\000e\000x}{}% 7
\BOOKMARK [1][-]{section.4.1}{\376\377\0004\000.\0001\000\040\000F\000i\000l\000e\000\040\000L\000i\000s\000t}{chapter.4}% 8
\BOOKMARK [0][-]{chapter.5}{\376\377\0005\000\040\000N\000a\000m\000e\000s\000p\000a\000c\000e\000\040\000D\000o\000c\000u\000m\000e\000n\000t\000a\000t\000i\000o\000n}{}% 9
\BOOKMARK [1][-]{section.5.1}{\376\377\0005\000.\0001\000\040\000R\000e\000g\000i\000s\000t\000e\000r\000s\000\040\000N\000a\000m\000e\000s\000p\000a\000c\000e\000\040\000R\000e\000f\000e\000r\000e\000n\000c\000e}{chapter.5}% 10
\BOOKMARK [2][-]{subsection.5.1.1}{\376\377\0005\000.\0001\000.\0001\000\040\000V\000a\000r\000i\000a\000b\000l\000e\000\040\000D\000o\000c\000u\000m\000e\000n\000t\000a\000t\000i\000o\000n}{section.5.1}% 11
\BOOKMARK [3][-]{subsubsection.5.1.1.1}{\376\377\0005\000.\0001\000.\0001\000.\0001\000\040\000Q\000M\000C\0005\0008\0008\0003\000L\000\137\000C\000H\000I\000P\000\137\000I\000D}{subsection.5.1.1}% 12
\BOOKMARK [3][-]{subsubsection.5.1.1.2}{\376\377\0005\000.\0001\000.\0001\000.\0002\000\040\000Q\000M\000C\0005\0008\0008\0003\000L\000\137\000C\000O\000N\000F\000I\000G}{subsection.5.1.1}% 13
\BOOKMARK [3][-]{subsubsection.5.1.1.3}{\376\377\0005\000.\0001\000.\0001\000.\0003\000\040\000Q\000M\000C\0005\0008\0008\0003\000L\000\137\000C\000O\000N\000F\000I\000G\0002}{subsection.5.1.1}% 14
\BOOKMARK [3][-]{subsubsection.5.1.1.4}{\376\377\0005\000.\0001\000.\0001\000.\0004\000\040\000Q\000M\000C\0005\0008\0008\0003\000L\000\137\000R\000E\000S\000E\000R\000V\000E\000D}{subsection.5.1.1}% 15
\BOOKMARK [3][-]{subsubsection.5.1.1.5}{\376\377\0005\000.\0001\000.\0001\000.\0005\000\040\000Q\000M\000C\0005\0008\0008\0003\000L\000\137\000R\000E\000S\000E\000T}{subsection.5.1.1}% 16
\BOOKMARK [3][-]{subsubsection.5.1.1.6}{\376\377\0005\000.\0001\000.\0001\000.\0006\000\040\000Q\000M\000C\0005\0008\0008\0003\000L\000\137\000S\000T\000A\000T\000U\000S}{subsection.5.1.1}% 17
\BOOKMARK [3][-]{subsubsection.5.1.1.7}{\376\377\0005\000.\0001\000.\0001\000.\0007\000\040\000Q\000M\000C\0005\0008\0008\0003\000L\000\137\000T\000E\000M\000P\000\137\000L\000S\000B}{subsection.5.1.1}% 18
\BOOKMARK [3][-]{subsubsection.5.1.1.8}{\376\377\0005\000.\0001\000.\0001\000.\0008\000\040\000Q\000M\000C\0005\0008\0008\0003\000L\000\137\000T\000E\000M\000P\000\137\000M\000S\000B}{subsection.5.1.1}% 19
\BOOKMARK [3][-]{subsubsection.5.1.1.9}{\376\377\0005\000.\0001\000.\0001\000.\0009\000\040\000Q\000M\000C\0005\0008\0008\0003\000L\000\137\000X\000\137\000L\000S\000B}{subsection.5.1.1}% 20
\BOOKMARK [3][-]{subsubsection.5.1.1.10}{\376\377\0005\000.\0001\000.\0001\000.\0001\0000\000\040\000Q\000M\000C\0005\0008\0008\0003\000L\000\137\000X\000\137\000M\000S\000B}{subsection.5.1.1}% 21
\BOOKMARK [3][-]{subsubsection.5.1.1.11}{\376\377\0005\000.\0001\000.\0001\000.\0001\0001\000\040\000Q\000M\000C\0005\0008\0008\0003\000L\000\137\000Y\000\137\000L\000S\000B}{subsection.5.1.1}% 22
\BOOKMARK [3][-]{subsubsection.5.1.1.12}{\376\377\0005\000.\0001\000.\0001\000.\0001\0002\000\040\000Q\000M\000C\0005\0008\0008\0003\000L\000\137\000Y\000\137\000M\000S\000B}{subsection.5.1.1}% 23
\BOOKMARK [3][-]{subsubsection.5.1.1.13}{\376\377\0005\000.\0001\000.\0001\000.\0001\0003\000\040\000Q\000M\000C\0005\0008\0008\0003\000L\000\137\000Z\000\137\000L\000S\000B}{subsection.5.1.1}% 24
\BOOKMARK [3][-]{subsubsection.5.1.1.14}{\376\377\0005\000.\0001\000.\0001\000.\0001\0004\000\040\000Q\000M\000C\0005\0008\0008\0003\000L\000\137\000Z\000\137\000M\000S\000B}{subsection.5.1.1}% 25
\BOOKMARK [0][-]{chapter.6}{\376\377\0006\000\040\000C\000l\000a\000s\000s\000\040\000D\000o\000c\000u\000m\000e\000n\000t\000a\000t\000i\000o\000n}{}% 26
\BOOKMARK [1][-]{section.6.1}{\376\377\0006\000.\0001\000\040\000C\000o\000m\000p\000a\000s\000s\000:\000:\000C\000a\000l\000i\000b\000r\000a\000t\000i\000o\000n\000V\000a\000l\000u\000e\000s\000\040\000S\000t\000r\000u\000c\000t\000\040\000R\000e\000f\000e\000r\000e\000n\000c\000e}{chapter.6}% 27
\BOOKMARK [2][-]{subsection.6.1.1}{\376\377\0006\000.\0001\000.\0001\000\040\000D\000e\000t\000a\000i\000l\000e\000d\000\040\000D\000e\000s\000c\000r\000i\000p\000t\000i\000o\000n}{section.6.1}% 28
\BOOKMARK [2][-]{subsection.6.1.2}{\376\377\0006\000.\0001\000.\0002\000\040\000M\000e\000m\000b\000e\000r\000\040\000D\000a\000t\000a\000\040\000D\000o\000c\000u\000m\000e\000n\000t\000a\000t\000i\000o\000n}{section.6.1}% 29
\BOOKMARK [3][-]{subsubsection.6.1.2.1}{\376\377\0006\000.\0001\000.\0002\000.\0001\000\040\000x\000\137\000h\000i\000g\000h}{subsection.6.1.2}% 30
\BOOKMARK [3][-]{subsubsection.6.1.2.2}{\376\377\0006\000.\0001\000.\0002\000.\0002\000\040\000x\000\137\000l\000o\000w}{subsection.6.1.2}% 31
\BOOKMARK [3][-]{subsubsection.6.1.2.3}{\376\377\0006\000.\0001\000.\0002\000.\0003\000\040\000y\000\137\000h\000i\000g\000h}{subsection.6.1.2}% 32
\BOOKMARK [3][-]{subsubsection.6.1.2.4}{\376\377\0006\000.\0001\000.\0002\000.\0004\000\040\000y\000\137\000l\000o\000w}{subsection.6.1.2}% 33
\BOOKMARK [1][-]{section.6.2}{\376\377\0006\000.\0002\000\040\000C\000a\000p\000t\000u\000r\000e\000F\000r\000a\000m\000e\000\040\000C\000l\000a\000s\000s\000\040\000R\000e\000f\000e\000r\000e\000n\000c\000e}{chapter.6}% 34
\BOOKMARK [2][-]{subsection.6.2.1}{\376\377\0006\000.\0002\000.\0001\000\040\000D\000e\000t\000a\000i\000l\000e\000d\000\040\000D\000e\000s\000c\000r\000i\000p\000t\000i\000o\000n}{section.6.2}% 35
\BOOKMARK [2][-]{subsection.6.2.2}{\376\377\0006\000.\0002\000.\0002\000\040\000M\000e\000m\000b\000e\000r\000\040\000T\000y\000p\000e\000d\000e\000f\000\040\000D\000o\000c\000u\000m\000e\000n\000t\000a\000t\000i\000o\000n}{section.6.2}% 36
\BOOKMARK [3][-]{subsubsection.6.2.2.1}{\376\377\0006\000.\0002\000.\0002\000.\0001\000\040\000E\000v\000e\000n\000t\000C\000a\000l\000l\000b\000a\000c\000k}{subsection.6.2.2}% 37
\BOOKMARK [2][-]{subsection.6.2.3}{\376\377\0006\000.\0002\000.\0003\000\040\000M\000e\000m\000b\000e\000r\000\040\000E\000n\000u\000m\000e\000r\000a\000t\000i\000o\000n\000\040\000D\000o\000c\000u\000m\000e\000n\000t\000a\000t\000i\000o\000n}{section.6.2}% 38
\BOOKMARK [3][-]{subsubsection.6.2.3.1}{\376\377\0006\000.\0002\000.\0003\000.\0001\000\040\000p\000i\000x\000e\000l\000F\000o\000r\000m\000a\000t}{subsection.6.2.3}% 39
\BOOKMARK [2][-]{subsection.6.2.4}{\376\377\0006\000.\0002\000.\0004\000\040\000C\000o\000n\000s\000t\000r\000u\000c\000t\000o\000r\000\040\000\046\000\040\000D\000e\000s\000t\000r\000u\000c\000t\000o\000r\000\040\000D\000o\000c\000u\000m\000e\000n\000t\000a\000t\000i\000o\000n}{section.6.2}% 40
\BOOKMARK [3][-]{subsubsection.6.2.4.1}{\376\377\0006\000.\0002\000.\0004\000.\0001\000\040\000C\000a\000p\000t\000u\000r\000e\000F\000r\000a\000m\000e\000\050\000\051}{subsection.6.2.4}% 41
\BOOKMARK [3][-]{subsubsection.6.2.4.2}{\376\377\0006\000.\0002\000.\0004\000.\0002\000\040\000\040\000C\000a\000p\000t\000u\000r\000e\000F\000r\000a\000m\000e\000\050\000\051}{subsection.6.2.4}% 42
\BOOKMARK [2][-]{subsection.6.2.5}{\376\377\0006\000.\0002\000.\0005\000\040\000M\000e\000m\000b\000e\000r\000\040\000F\000u\000n\000c\000t\000i\000o\000n\000\040\000D\000o\000c\000u\000m\000e\000n\000t\000a\000t\000i\000o\000n}{section.6.2}% 43
\BOOKMARK [3][-]{subsubsection.6.2.5.1}{\376\377\0006\000.\0002\000.\0005\000.\0001\000\040\000g\000e\000t\000B\000r\000i\000g\000h\000t\000n\000e\000s\000s\000\050\000\051}{subsection.6.2.5}% 44
\BOOKMARK [2][-]{subsection.6.2.6}{\376\377\0006\000.\0002\000.\0006\000\040\000M\000e\000m\000b\000e\000r\000\040\000D\000a\000t\000a\000\040\000D\000o\000c\000u\000m\000e\000n\000t\000a\000t\000i\000o\000n}{section.6.2}% 45
\BOOKMARK [3][-]{subsubsection.6.2.6.1}{\376\377\0006\000.\0002\000.\0006\000.\0001\000\040\000f\000r\000a\000m\000e\000\137\000p\000r\000o\000c\000e\000s\000s\000o\000r}{subsection.6.2.6}% 46
\BOOKMARK [1][-]{section.6.3}{\376\377\0006\000.\0003\000\040\000C\000o\000m\000p\000a\000s\000s\000\040\000C\000l\000a\000s\000s\000\040\000R\000e\000f\000e\000r\000e\000n\000c\000e}{chapter.6}% 47
\BOOKMARK [2][-]{subsection.6.3.1}{\376\377\0006\000.\0003\000.\0001\000\040\000M\000e\000m\000b\000e\000r\000\040\000E\000n\000u\000m\000e\000r\000a\000t\000i\000o\000n\000\040\000D\000o\000c\000u\000m\000e\000n\000t\000a\000t\000i\000o\000n}{section.6.3}% 48
\BOOKMARK [3][-]{subsubsection.6.3.1.1}{\376\377\0006\000.\0003\000.\0001\000.\0001\000\040\000A\000x\000e\000s}{subsection.6.3.1}% 49
\BOOKMARK [2][-]{subsection.6.3.2}{\376\377\0006\000.\0003\000.\0002\000\040\000C\000o\000n\000s\000t\000r\000u\000c\000t\000o\000r\000\040\000\046\000\040\000D\000e\000s\000t\000r\000u\000c\000t\000o\000r\000\040\000D\000o\000c\000u\000m\000e\000n\000t\000a\000t\000i\000o\000n}{section.6.3}% 50
\BOOKMARK [3][-]{subsubsection.6.3.2.1}{\376\377\0006\000.\0003\000.\0002\000.\0001\000\040\000C\000o\000m\000p\000a\000s\000s\000\050\000\051}{subsection.6.3.2}% 51
\BOOKMARK [3][-]{subsubsection.6.3.2.2}{\376\377\0006\000.\0003\000.\0002\000.\0002\000\040\000\040\000C\000o\000m\000p\000a\000s\000s\000\050\000\051}{subsection.6.3.2}% 52
\BOOKMARK [2][-]{subsection.6.3.3}{\376\377\0006\000.\0003\000.\0003\000\040\000M\000e\000m\000b\000e\000r\000\040\000F\000u\000n\000c\000t\000i\000o\000n\000\040\000D\000o\000c\000u\000m\000e\000n\000t\000a\000t\000i\000o\000n}{section.6.3}% 53
\BOOKMARK [3][-]{subsubsection.6.3.3.1}{\376\377\0006\000.\0003\000.\0003\000.\0001\000\040\000g\000e\000t\000V\000a\000l\000u\000e\000\050\000\051}{subsection.6.3.3}% 54
\BOOKMARK [1][-]{section.6.4}{\376\377\0006\000.\0004\000\040\000C\000o\000m\000p\000a\000s\000s\000:\000:\000C\000o\000m\000p\000a\000s\000s\000V\000a\000l\000u\000e\000s\000\040\000S\000t\000r\000u\000c\000t\000\040\000R\000e\000f\000e\000r\000e\000n\000c\000e}{chapter.6}% 55
\BOOKMARK [2][-]{subsection.6.4.1}{\376\377\0006\000.\0004\000.\0001\000\040\000D\000e\000t\000a\000i\000l\000e\000d\000\040\000D\000e\000s\000c\000r\000i\000p\000t\000i\000o\000n}{section.6.4}% 56
\BOOKMARK [2][-]{subsection.6.4.2}{\376\377\0006\000.\0004\000.\0002\000\040\000M\000e\000m\000b\000e\000r\000\040\000D\000a\000t\000a\000\040\000D\000o\000c\000u\000m\000e\000n\000t\000a\000t\000i\000o\000n}{section.6.4}% 57
\BOOKMARK [3][-]{subsubsection.6.4.2.1}{\376\377\0006\000.\0004\000.\0002\000.\0001\000\040\000r\000a\000w\000\137\000x}{subsection.6.4.2}% 58
\BOOKMARK [3][-]{subsubsection.6.4.2.2}{\376\377\0006\000.\0004\000.\0002\000.\0002\000\040\000r\000a\000w\000\137\000y}{subsection.6.4.2}% 59
\BOOKMARK [3][-]{subsubsection.6.4.2.3}{\376\377\0006\000.\0004\000.\0002\000.\0003\000\040\000r\000a\000w\000\137\000z}{subsection.6.4.2}% 60
\BOOKMARK [1][-]{section.6.5}{\376\377\0006\000.\0005\000\040\000D\000e\000t\000e\000c\000t\000o\000r\000\040\000C\000l\000a\000s\000s\000\040\000R\000e\000f\000e\000r\000e\000n\000c\000e}{chapter.6}% 61
\BOOKMARK [2][-]{subsection.6.5.1}{\376\377\0006\000.\0005\000.\0001\000\040\000C\000o\000n\000s\000t\000r\000u\000c\000t\000o\000r\000\040\000\046\000\040\000D\000e\000s\000t\000r\000u\000c\000t\000o\000r\000\040\000D\000o\000c\000u\000m\000e\000n\000t\000a\000t\000i\000o\000n}{section.6.5}% 62
\BOOKMARK [3][-]{subsubsection.6.5.1.1}{\376\377\0006\000.\0005\000.\0001\000.\0001\000\040\000D\000e\000t\000e\000c\000t\000o\000r\000\050\000\051}{subsection.6.5.1}% 63
\BOOKMARK [3][-]{subsubsection.6.5.1.2}{\376\377\0006\000.\0005\000.\0001\000.\0002\000\040\000\040\000D\000e\000t\000e\000c\000t\000o\000r\000\050\000\051}{subsection.6.5.1}% 64
\BOOKMARK [2][-]{subsection.6.5.2}{\376\377\0006\000.\0005\000.\0002\000\040\000M\000e\000m\000b\000e\000r\000\040\000F\000u\000n\000c\000t\000i\000o\000n\000\040\000D\000o\000c\000u\000m\000e\000n\000t\000a\000t\000i\000o\000n}{section.6.5}% 65
\BOOKMARK [3][-]{subsubsection.6.5.2.1}{\376\377\0006\000.\0005\000.\0002\000.\0001\000\040\000d\000e\000t\000e\000c\000t\000\050\000\051}{subsection.6.5.2}% 66
\BOOKMARK [1][-]{section.6.6}{\376\377\0006\000.\0006\000\040\000D\000i\000s\000t\000a\000n\000c\000e\000S\000e\000n\000s\000o\000r\000s\000\040\000C\000l\000a\000s\000s\000\040\000R\000e\000f\000e\000r\000e\000n\000c\000e}{chapter.6}% 67
\BOOKMARK [2][-]{subsection.6.6.1}{\376\377\0006\000.\0006\000.\0001\000\040\000C\000o\000n\000s\000t\000r\000u\000c\000t\000o\000r\000\040\000\046\000\040\000D\000e\000s\000t\000r\000u\000c\000t\000o\000r\000\040\000D\000o\000c\000u\000m\000e\000n\000t\000a\000t\000i\000o\000n}{section.6.6}% 68
\BOOKMARK [3][-]{subsubsection.6.6.1.1}{\376\377\0006\000.\0006\000.\0001\000.\0001\000\040\000D\000i\000s\000t\000a\000n\000c\000e\000S\000e\000n\000s\000o\000r\000s\000\050\000\051}{subsection.6.6.1}% 69
\BOOKMARK [3][-]{subsubsection.6.6.1.2}{\376\377\0006\000.\0006\000.\0001\000.\0002\000\040\000\040\000D\000i\000s\000t\000a\000n\000c\000e\000S\000e\000n\000s\000o\000r\000s\000\050\000\051}{subsection.6.6.1}% 70
\BOOKMARK [2][-]{subsection.6.6.2}{\376\377\0006\000.\0006\000.\0002\000\040\000M\000e\000m\000b\000e\000r\000\040\000F\000u\000n\000c\000t\000i\000o\000n\000\040\000D\000o\000c\000u\000m\000e\000n\000t\000a\000t\000i\000o\000n}{section.6.6}% 71
\BOOKMARK [3][-]{subsubsection.6.6.2.1}{\376\377\0006\000.\0006\000.\0002\000.\0001\000\040\000g\000e\000t\000D\000i\000s\000t\000a\000n\000c\000e\000s\000\050\000\051}{subsection.6.6.2}% 72
\BOOKMARK [1][-]{section.6.7}{\376\377\0006\000.\0007\000\040\000D\000r\000i\000v\000e\000r\000\040\000C\000l\000a\000s\000s\000\040\000R\000e\000f\000e\000r\000e\000n\000c\000e}{chapter.6}% 73
\BOOKMARK [2][-]{subsection.6.7.1}{\376\377\0006\000.\0007\000.\0001\000\040\000M\000e\000m\000b\000e\000r\000\040\000E\000n\000u\000m\000e\000r\000a\000t\000i\000o\000n\000\040\000D\000o\000c\000u\000m\000e\000n\000t\000a\000t\000i\000o\000n}{section.6.7}% 74
\BOOKMARK [3][-]{subsubsection.6.7.1.1}{\376\377\0006\000.\0007\000.\0001\000.\0001\000\040\000o\000p\000e\000r\000a\000t\000i\000o\000n\000M\000o\000d\000e}{subsection.6.7.1}% 75
\BOOKMARK [2][-]{subsection.6.7.2}{\376\377\0006\000.\0007\000.\0002\000\040\000C\000o\000n\000s\000t\000r\000u\000c\000t\000o\000r\000\040\000\046\000\040\000D\000e\000s\000t\000r\000u\000c\000t\000o\000r\000\040\000D\000o\000c\000u\000m\000e\000n\000t\000a\000t\000i\000o\000n}{section.6.7}% 76
\BOOKMARK [3][-]{subsubsection.6.7.2.1}{\376\377\0006\000.\0007\000.\0002\000.\0001\000\040\000D\000r\000i\000v\000e\000r\000\050\000\051}{subsection.6.7.2}% 77
\BOOKMARK [3][-]{subsubsection.6.7.2.2}{\376\377\0006\000.\0007\000.\0002\000.\0002\000\040\000\040\000D\000r\000i\000v\000e\000r\000\050\000\051}{subsection.6.7.2}% 78
\BOOKMARK [2][-]{subsection.6.7.3}{\376\377\0006\000.\0007\000.\0003\000\040\000M\000e\000m\000b\000e\000r\000\040\000F\000u\000n\000c\000t\000i\000o\000n\000\040\000D\000o\000c\000u\000m\000e\000n\000t\000a\000t\000i\000o\000n}{section.6.7}% 79
\BOOKMARK [3][-]{subsubsection.6.7.3.1}{\376\377\0006\000.\0007\000.\0003\000.\0001\000\040\000u\000p\000d\000a\000t\000e\000\050\000\051}{subsection.6.7.3}% 80
\BOOKMARK [1][-]{section.6.8}{\376\377\0006\000.\0008\000\040\000F\000r\000a\000m\000e\000P\000r\000o\000c\000e\000s\000s\000o\000r\000\040\000C\000l\000a\000s\000s\000\040\000R\000e\000f\000e\000r\000e\000n\000c\000e}{chapter.6}% 81
\BOOKMARK [2][-]{subsection.6.8.1}{\376\377\0006\000.\0008\000.\0001\000\040\000C\000o\000n\000s\000t\000r\000u\000c\000t\000o\000r\000\040\000\046\000\040\000D\000e\000s\000t\000r\000u\000c\000t\000o\000r\000\040\000D\000o\000c\000u\000m\000e\000n\000t\000a\000t\000i\000o\000n}{section.6.8}% 82
\BOOKMARK [3][-]{subsubsection.6.8.1.1}{\376\377\0006\000.\0008\000.\0001\000.\0001\000\040\000F\000r\000a\000m\000e\000P\000r\000o\000c\000e\000s\000s\000o\000r\000\050\000\051}{subsection.6.8.1}% 83
\BOOKMARK [3][-]{subsubsection.6.8.1.2}{\376\377\0006\000.\0008\000.\0001\000.\0002\000\040\000\040\000F\000r\000a\000m\000e\000P\000r\000o\000c\000e\000s\000s\000o\000r\000\050\000\051}{subsection.6.8.1}% 84
\BOOKMARK [2][-]{subsection.6.8.2}{\376\377\0006\000.\0008\000.\0002\000\040\000M\000e\000m\000b\000e\000r\000\040\000F\000u\000n\000c\000t\000i\000o\000n\000\040\000D\000o\000c\000u\000m\000e\000n\000t\000a\000t\000i\000o\000n}{section.6.8}% 85
\BOOKMARK [3][-]{subsubsection.6.8.2.1}{\376\377\0006\000.\0008\000.\0002\000.\0001\000\040\000g\000e\000t\000R\000e\000s\000u\000l\000t\000s\000\050\000\051}{subsection.6.8.2}% 86
\BOOKMARK [3][-]{subsubsection.6.8.2.2}{\376\377\0006\000.\0008\000.\0002\000.\0002\000\040\000p\000r\000o\000c\000e\000s\000s\000F\000r\000a\000m\000e\000\050\000\051}{subsection.6.8.2}% 87
\BOOKMARK [1][-]{section.6.9}{\376\377\0006\000.\0009\000\040\000F\000u\000z\000z\000y\000A\000n\000d\000\040\000C\000l\000a\000s\000s\000\040\000R\000e\000f\000e\000r\000e\000n\000c\000e}{chapter.6}% 88
\BOOKMARK [2][-]{subsection.6.9.1}{\376\377\0006\000.\0009\000.\0001\000\040\000C\000o\000n\000s\000t\000r\000u\000c\000t\000o\000r\000\040\000\046\000\040\000D\000e\000s\000t\000r\000u\000c\000t\000o\000r\000\040\000D\000o\000c\000u\000m\000e\000n\000t\000a\000t\000i\000o\000n}{section.6.9}% 89
\BOOKMARK [3][-]{subsubsection.6.9.1.1}{\376\377\0006\000.\0009\000.\0001\000.\0001\000\040\000F\000u\000z\000z\000y\000A\000n\000d\000\050\000\051}{subsection.6.9.1}% 90
\BOOKMARK [3][-]{subsubsection.6.9.1.2}{\376\377\0006\000.\0009\000.\0001\000.\0002\000\040\000\040\000F\000u\000z\000z\000y\000A\000n\000d\000\050\000\051}{subsection.6.9.1}% 91
\BOOKMARK [2][-]{subsection.6.9.2}{\376\377\0006\000.\0009\000.\0002\000\040\000M\000e\000m\000b\000e\000r\000\040\000F\000u\000n\000c\000t\000i\000o\000n\000\040\000D\000o\000c\000u\000m\000e\000n\000t\000a\000t\000i\000o\000n}{section.6.9}% 92
\BOOKMARK [3][-]{subsubsection.6.9.2.1}{\376\377\0006\000.\0009\000.\0002\000.\0001\000\040\000e\000v\000a\000l\000u\000a\000t\000e\000\050\000\051}{subsection.6.9.2}% 93
\BOOKMARK [3][-]{subsubsection.6.9.2.2}{\376\377\0006\000.\0009\000.\0002\000.\0002\000\040\000p\000a\000r\000s\000e\000\050\000\051}{subsection.6.9.2}% 94
\BOOKMARK [3][-]{subsubsection.6.9.2.3}{\376\377\0006\000.\0009\000.\0002\000.\0003\000\040\000u\000p\000d\000a\000t\000e\000\050\000\051}{subsection.6.9.2}% 95
\BOOKMARK [1][-]{section.6.10}{\376\377\0006\000.\0001\0000\000\040\000F\000u\000z\000z\000y\000C\000o\000m\000p\000a\000r\000a\000t\000i\000o\000n\000\040\000C\000l\000a\000s\000s\000\040\000R\000e\000f\000e\000r\000e\000n\000c\000e}{chapter.6}% 96
\BOOKMARK [2][-]{subsection.6.10.1}{\376\377\0006\000.\0001\0000\000.\0001\000\040\000C\000o\000n\000s\000t\000r\000u\000c\000t\000o\000r\000\040\000\046\000\040\000D\000e\000s\000t\000r\000u\000c\000t\000o\000r\000\040\000D\000o\000c\000u\000m\000e\000n\000t\000a\000t\000i\000o\000n}{section.6.10}% 97
\BOOKMARK [3][-]{subsubsection.6.10.1.1}{\376\377\0006\000.\0001\0000\000.\0001\000.\0001\000\040\000F\000u\000z\000z\000y\000C\000o\000m\000p\000a\000r\000a\000t\000i\000o\000n\000\050\000\051}{subsection.6.10.1}% 98
\BOOKMARK [3][-]{subsubsection.6.10.1.2}{\376\377\0006\000.\0001\0000\000.\0001\000.\0002\000\040\000\040\000F\000u\000z\000z\000y\000C\000o\000m\000p\000a\000r\000a\000t\000i\000o\000n\000\050\000\051}{subsection.6.10.1}% 99
\BOOKMARK [2][-]{subsection.6.10.2}{\376\377\0006\000.\0001\0000\000.\0002\000\040\000M\000e\000m\000b\000e\000r\000\040\000F\000u\000n\000c\000t\000i\000o\000n\000\040\000D\000o\000c\000u\000m\000e\000n\000t\000a\000t\000i\000o\000n}{section.6.10}% 100
\BOOKMARK [3][-]{subsubsection.6.10.2.1}{\376\377\0006\000.\0001\0000\000.\0002\000.\0001\000\040\000e\000v\000a\000l\000u\000a\000t\000e\000\050\000\051}{subsection.6.10.2}% 101
\BOOKMARK [3][-]{subsubsection.6.10.2.2}{\376\377\0006\000.\0001\0000\000.\0002\000.\0002\000\040\000p\000a\000r\000s\000e\000\050\000\051}{subsection.6.10.2}% 102
\BOOKMARK [3][-]{subsubsection.6.10.2.3}{\376\377\0006\000.\0001\0000\000.\0002\000.\0003\000\040\000u\000p\000d\000a\000t\000e\000\050\000\051}{subsection.6.10.2}% 103
\BOOKMARK [1][-]{section.6.11}{\376\377\0006\000.\0001\0001\000\040\000F\000u\000z\000z\000y\000C\000o\000n\000d\000i\000t\000i\000o\000n\000\040\000C\000l\000a\000s\000s\000\040\000R\000e\000f\000e\000r\000e\000n\000c\000e}{chapter.6}% 104
\BOOKMARK [2][-]{subsection.6.11.1}{\376\377\0006\000.\0001\0001\000.\0001\000\040\000M\000e\000m\000b\000e\000r\000\040\000T\000y\000p\000e\000d\000e\000f\000\040\000D\000o\000c\000u\000m\000e\000n\000t\000a\000t\000i\000o\000n}{section.6.11}% 105
\BOOKMARK [3][-]{subsubsection.6.11.1.1}{\376\377\0006\000.\0001\0001\000.\0001\000.\0001\000\040\000F\000u\000z\000z\000y\000C\000o\000n\000d\000i\000t\000i\000o\000n\000P\000t\000r}{subsection.6.11.1}% 106
\BOOKMARK [2][-]{subsection.6.11.2}{\376\377\0006\000.\0001\0001\000.\0002\000\040\000C\000o\000n\000s\000t\000r\000u\000c\000t\000o\000r\000\040\000\046\000\040\000D\000e\000s\000t\000r\000u\000c\000t\000o\000r\000\040\000D\000o\000c\000u\000m\000e\000n\000t\000a\000t\000i\000o\000n}{section.6.11}% 107
\BOOKMARK [3][-]{subsubsection.6.11.2.1}{\376\377\0006\000.\0001\0001\000.\0002\000.\0001\000\040\000F\000u\000z\000z\000y\000C\000o\000n\000d\000i\000t\000i\000o\000n\000\050\000\051}{subsection.6.11.2}% 108
\BOOKMARK [3][-]{subsubsection.6.11.2.2}{\376\377\0006\000.\0001\0001\000.\0002\000.\0002\000\040\000\040\000F\000u\000z\000z\000y\000C\000o\000n\000d\000i\000t\000i\000o\000n\000\050\000\051}{subsection.6.11.2}% 109
\BOOKMARK [2][-]{subsection.6.11.3}{\376\377\0006\000.\0001\0001\000.\0003\000\040\000M\000e\000m\000b\000e\000r\000\040\000F\000u\000n\000c\000t\000i\000o\000n\000\040\000D\000o\000c\000u\000m\000e\000n\000t\000a\000t\000i\000o\000n}{section.6.11}% 110
\BOOKMARK [3][-]{subsubsection.6.11.3.1}{\376\377\0006\000.\0001\0001\000.\0003\000.\0001\000\040\000e\000v\000a\000l\000u\000a\000t\000e\000\050\000\051}{subsection.6.11.3}% 111
\BOOKMARK [3][-]{subsubsection.6.11.3.2}{\376\377\0006\000.\0001\0001\000.\0003\000.\0002\000\040\000u\000p\000d\000a\000t\000e\000\050\000\051}{subsection.6.11.3}% 112
\BOOKMARK [1][-]{section.6.12}{\376\377\0006\000.\0001\0002\000\040\000F\000u\000z\000z\000y\000C\000o\000n\000t\000r\000o\000l\000S\000y\000s\000t\000e\000m\000\040\000C\000l\000a\000s\000s\000\040\000R\000e\000f\000e\000r\000e\000n\000c\000e}{chapter.6}% 113
\BOOKMARK [2][-]{subsection.6.12.1}{\376\377\0006\000.\0001\0002\000.\0001\000\040\000C\000o\000n\000s\000t\000r\000u\000c\000t\000o\000r\000\040\000\046\000\040\000D\000e\000s\000t\000r\000u\000c\000t\000o\000r\000\040\000D\000o\000c\000u\000m\000e\000n\000t\000a\000t\000i\000o\000n}{section.6.12}% 114
\BOOKMARK [3][-]{subsubsection.6.12.1.1}{\376\377\0006\000.\0001\0002\000.\0001\000.\0001\000\040\000F\000u\000z\000z\000y\000C\000o\000n\000t\000r\000o\000l\000S\000y\000s\000t\000e\000m\000\050\000\051}{subsection.6.12.1}% 115
\BOOKMARK [3][-]{subsubsection.6.12.1.2}{\376\377\0006\000.\0001\0002\000.\0001\000.\0002\000\040\000\040\000F\000u\000z\000z\000y\000C\000o\000n\000t\000r\000o\000l\000S\000y\000s\000t\000e\000m\000\050\000\051}{subsection.6.12.1}% 116
\BOOKMARK [2][-]{subsection.6.12.2}{\376\377\0006\000.\0001\0002\000.\0002\000\040\000M\000e\000m\000b\000e\000r\000\040\000F\000u\000n\000c\000t\000i\000o\000n\000\040\000D\000o\000c\000u\000m\000e\000n\000t\000a\000t\000i\000o\000n}{section.6.12}% 117
\BOOKMARK [3][-]{subsubsection.6.12.2.1}{\376\377\0006\000.\0001\0002\000.\0002\000.\0001\000\040\000e\000v\000a\000l\000u\000a\000t\000e\000\050\000\051}{subsection.6.12.2}% 118
\BOOKMARK [3][-]{subsubsection.6.12.2.2}{\376\377\0006\000.\0001\0002\000.\0002\000.\0002\000\040\000p\000a\000r\000s\000e\000\050\000\051}{subsection.6.12.2}% 119
\BOOKMARK [1][-]{section.6.13}{\376\377\0006\000.\0001\0003\000\040\000F\000u\000z\000z\000y\000I\000n\000p\000u\000t\000\040\000C\000l\000a\000s\000s\000\040\000R\000e\000f\000e\000r\000e\000n\000c\000e}{chapter.6}% 120
\BOOKMARK [2][-]{subsection.6.13.1}{\376\377\0006\000.\0001\0003\000.\0001\000\040\000C\000o\000n\000s\000t\000r\000u\000c\000t\000o\000r\000\040\000\046\000\040\000D\000e\000s\000t\000r\000u\000c\000t\000o\000r\000\040\000D\000o\000c\000u\000m\000e\000n\000t\000a\000t\000i\000o\000n}{section.6.13}% 121
\BOOKMARK [3][-]{subsubsection.6.13.1.1}{\376\377\0006\000.\0001\0003\000.\0001\000.\0001\000\040\000F\000u\000z\000z\000y\000I\000n\000p\000u\000t\000\050\000\051}{subsection.6.13.1}% 122
\BOOKMARK [3][-]{subsubsection.6.13.1.2}{\376\377\0006\000.\0001\0003\000.\0001\000.\0002\000\040\000\040\000F\000u\000z\000z\000y\000I\000n\000p\000u\000t\000\050\000\051}{subsection.6.13.1}% 123
\BOOKMARK [2][-]{subsection.6.13.2}{\376\377\0006\000.\0001\0003\000.\0002\000\040\000M\000e\000m\000b\000e\000r\000\040\000F\000u\000n\000c\000t\000i\000o\000n\000\040\000D\000o\000c\000u\000m\000e\000n\000t\000a\000t\000i\000o\000n}{section.6.13}% 124
\BOOKMARK [3][-]{subsubsection.6.13.2.1}{\376\377\0006\000.\0001\0003\000.\0002\000.\0001\000\040\000f\000u\000z\000z\000y\000f\000i\000c\000a\000t\000i\000o\000n\000\050\000\051}{subsection.6.13.2}% 125
\BOOKMARK [3][-]{subsubsection.6.13.2.2}{\376\377\0006\000.\0001\0003\000.\0002\000.\0002\000\040\000p\000a\000r\000s\000e\000\050\000\051}{subsection.6.13.2}% 126
\BOOKMARK [1][-]{section.6.14}{\376\377\0006\000.\0001\0004\000\040\000F\000u\000z\000z\000y\000I\000O\000\040\000C\000l\000a\000s\000s\000\040\000R\000e\000f\000e\000r\000e\000n\000c\000e}{chapter.6}% 127
\BOOKMARK [2][-]{subsection.6.14.1}{\376\377\0006\000.\0001\0004\000.\0001\000\040\000C\000o\000n\000s\000t\000r\000u\000c\000t\000o\000r\000\040\000\046\000\040\000D\000e\000s\000t\000r\000u\000c\000t\000o\000r\000\040\000D\000o\000c\000u\000m\000e\000n\000t\000a\000t\000i\000o\000n}{section.6.14}% 128
\BOOKMARK [3][-]{subsubsection.6.14.1.1}{\376\377\0006\000.\0001\0004\000.\0001\000.\0001\000\040\000F\000u\000z\000z\000y\000I\000O\000\050\000\051}{subsection.6.14.1}% 129
\BOOKMARK [3][-]{subsubsection.6.14.1.2}{\376\377\0006\000.\0001\0004\000.\0001\000.\0002\000\040\000\040\000F\000u\000z\000z\000y\000I\000O\000\050\000\051}{subsection.6.14.1}% 130
\BOOKMARK [2][-]{subsection.6.14.2}{\376\377\0006\000.\0001\0004\000.\0002\000\040\000M\000e\000m\000b\000e\000r\000\040\000F\000u\000n\000c\000t\000i\000o\000n\000\040\000D\000o\000c\000u\000m\000e\000n\000t\000a\000t\000i\000o\000n}{section.6.14}% 131
\BOOKMARK [3][-]{subsubsection.6.14.2.1}{\376\377\0006\000.\0001\0004\000.\0002\000.\0001\000\040\000g\000e\000t\000M\000e\000m\000b\000e\000r\000s\000h\000i\000p\000s\000\050\000\051}{subsection.6.14.2}% 132
\BOOKMARK [3][-]{subsubsection.6.14.2.2}{\376\377\0006\000.\0001\0004\000.\0002\000.\0002\000\040\000g\000e\000t\000N\000a\000m\000e\000\050\000\051}{subsection.6.14.2}% 133
\BOOKMARK [3][-]{subsubsection.6.14.2.3}{\376\377\0006\000.\0001\0004\000.\0002\000.\0003\000\040\000r\000e\000s\000e\000t\000M\000e\000m\000b\000e\000r\000s\000h\000i\000p\000F\000u\000n\000t\000i\000o\000n\000s\000\050\000\051}{subsection.6.14.2}% 134
\BOOKMARK [2][-]{subsection.6.14.3}{\376\377\0006\000.\0001\0004\000.\0003\000\040\000M\000e\000m\000b\000e\000r\000\040\000D\000a\000t\000a\000\040\000D\000o\000c\000u\000m\000e\000n\000t\000a\000t\000i\000o\000n}{section.6.14}% 135
\BOOKMARK [3][-]{subsubsection.6.14.3.1}{\376\377\0006\000.\0001\0004\000.\0003\000.\0001\000\040\000\137\000\137\000m\000e\000m\000b\000e\000r\000s\000h\000i\000p\000s}{subsection.6.14.3}% 136
\BOOKMARK [3][-]{subsubsection.6.14.3.2}{\376\377\0006\000.\0001\0004\000.\0003\000.\0002\000\040\000\137\000\137\000n\000a\000m\000e}{subsection.6.14.3}% 137
\BOOKMARK [1][-]{section.6.15}{\376\377\0006\000.\0001\0005\000\040\000F\000u\000z\000z\000y\000M\000e\000m\000b\000e\000r\000s\000h\000i\000p\000\040\000C\000l\000a\000s\000s\000\040\000R\000e\000f\000e\000r\000e\000n\000c\000e}{chapter.6}% 138
\BOOKMARK [2][-]{subsection.6.15.1}{\376\377\0006\000.\0001\0005\000.\0001\000\040\000M\000e\000m\000b\000e\000r\000\040\000T\000y\000p\000e\000d\000e\000f\000\040\000D\000o\000c\000u\000m\000e\000n\000t\000a\000t\000i\000o\000n}{section.6.15}% 139
\BOOKMARK [3][-]{subsubsection.6.15.1.1}{\376\377\0006\000.\0001\0005\000.\0001\000.\0001\000\040\000F\000u\000z\000z\000y\000M\000e\000m\000b\000e\000r\000s\000h\000i\000p\000P\000t\000r}{subsection.6.15.1}% 140
\BOOKMARK [2][-]{subsection.6.15.2}{\376\377\0006\000.\0001\0005\000.\0002\000\040\000C\000o\000n\000s\000t\000r\000u\000c\000t\000o\000r\000\040\000\046\000\040\000D\000e\000s\000t\000r\000u\000c\000t\000o\000r\000\040\000D\000o\000c\000u\000m\000e\000n\000t\000a\000t\000i\000o\000n}{section.6.15}% 141
\BOOKMARK [3][-]{subsubsection.6.15.2.1}{\376\377\0006\000.\0001\0005\000.\0002\000.\0001\000\040\000F\000u\000z\000z\000y\000M\000e\000m\000b\000e\000r\000s\000h\000i\000p\000\050\000\051}{subsection.6.15.2}% 142
\BOOKMARK [3][-]{subsubsection.6.15.2.2}{\376\377\0006\000.\0001\0005\000.\0002\000.\0002\000\040\000\040\000F\000u\000z\000z\000y\000M\000e\000m\000b\000e\000r\000s\000h\000i\000p\000\050\000\051}{subsection.6.15.2}% 143
\BOOKMARK [2][-]{subsection.6.15.3}{\376\377\0006\000.\0001\0005\000.\0003\000\040\000M\000e\000m\000b\000e\000r\000\040\000F\000u\000n\000c\000t\000i\000o\000n\000\040\000D\000o\000c\000u\000m\000e\000n\000t\000a\000t\000i\000o\000n}{section.6.15}% 144
\BOOKMARK [3][-]{subsubsection.6.15.3.1}{\376\377\0006\000.\0001\0005\000.\0003\000.\0001\000\040\000c\000o\000m\000p\000u\000t\000e\000\137\000a\000r\000e\000a\000\137\000o\000f\000\137\000m\000e\000m\000b\000e\000r\000s\000h\000i\000p\000\050\000\051}{subsection.6.15.3}% 145
\BOOKMARK [3][-]{subsubsection.6.15.3.2}{\376\377\0006\000.\0001\0005\000.\0003\000.\0002\000\040\000c\000o\000m\000p\000u\000t\000e\000\137\000c\000e\000n\000t\000r\000o\000i\000d\000\137\000o\000f\000\137\000m\000e\000m\000b\000e\000r\000s\000h\000i\000p\000\050\000\051}{subsection.6.15.3}% 146
\BOOKMARK [3][-]{subsubsection.6.15.3.3}{\376\377\0006\000.\0001\0005\000.\0003\000.\0003\000\040\000c\000o\000m\000p\000u\000t\000e\000\137\000d\000e\000g\000r\000e\000e\000\137\000o\000f\000\137\000m\000e\000m\000b\000e\000r\000s\000h\000i\000p\000\050\000\051}{subsection.6.15.3}% 147
\BOOKMARK [3][-]{subsubsection.6.15.3.4}{\376\377\0006\000.\0001\0005\000.\0003\000.\0004\000\040\000g\000e\000t\000N\000a\000m\000e\000\050\000\051}{subsection.6.15.3}% 148
\BOOKMARK [3][-]{subsubsection.6.15.3.5}{\376\377\0006\000.\0001\0005\000.\0003\000.\0005\000\040\000g\000e\000t\000V\000a\000l\000u\000e\000\050\000\051}{subsection.6.15.3}% 149
\BOOKMARK [3][-]{subsubsection.6.15.3.6}{\376\377\0006\000.\0001\0005\000.\0003\000.\0006\000\040\000r\000e\000s\000e\000t\000V\000a\000l\000u\000e\000\050\000\051}{subsection.6.15.3}% 150
\BOOKMARK [3][-]{subsubsection.6.15.3.7}{\376\377\0006\000.\0001\0005\000.\0003\000.\0007\000\040\000s\000e\000t\000V\000a\000l\000u\000e\000\050\000\051}{subsection.6.15.3}% 151
\BOOKMARK [2][-]{subsection.6.15.4}{\376\377\0006\000.\0001\0005\000.\0004\000\040\000M\000e\000m\000b\000e\000r\000\040\000D\000a\000t\000a\000\040\000D\000o\000c\000u\000m\000e\000n\000t\000a\000t\000i\000o\000n}{section.6.15}% 152
\BOOKMARK [3][-]{subsubsection.6.15.4.1}{\376\377\0006\000.\0001\0005\000.\0004\000.\0001\000\040\000\137\000\137\000f\000u\000z\000z\000y\000\137\000v\000a\000l\000u\000e}{subsection.6.15.4}% 153
\BOOKMARK [3][-]{subsubsection.6.15.4.2}{\376\377\0006\000.\0001\0005\000.\0004\000.\0002\000\040\000\137\000\137\000n\000a\000m\000e}{subsection.6.15.4}% 154
\BOOKMARK [3][-]{subsubsection.6.15.4.3}{\376\377\0006\000.\0001\0005\000.\0004\000.\0003\000\040\000\137\000\137\000N\000A\000M\000E\000\137\000K\000E\000Y}{subsection.6.15.4}% 155
\BOOKMARK [3][-]{subsubsection.6.15.4.4}{\376\377\0006\000.\0001\0005\000.\0004\000.\0004\000\040\000\137\000\137\000U\000P\000P\000E\000R\000\137\000L\000I\000M\000I\000T}{subsection.6.15.4}% 156
\BOOKMARK [1][-]{section.6.16}{\376\377\0006\000.\0001\0006\000\040\000F\000u\000z\000z\000y\000M\000e\000m\000b\000e\000r\000s\000h\000i\000p\000T\000r\000a\000p\000e\000z\000o\000i\000d\000a\000l\000\040\000C\000l\000a\000s\000s\000\040\000R\000e\000f\000e\000r\000e\000n\000c\000e}{chapter.6}% 157
\BOOKMARK [2][-]{subsection.6.16.1}{\376\377\0006\000.\0001\0006\000.\0001\000\040\000C\000o\000n\000s\000t\000r\000u\000c\000t\000o\000r\000\040\000\046\000\040\000D\000e\000s\000t\000r\000u\000c\000t\000o\000r\000\040\000D\000o\000c\000u\000m\000e\000n\000t\000a\000t\000i\000o\000n}{section.6.16}% 158
\BOOKMARK [3][-]{subsubsection.6.16.1.1}{\376\377\0006\000.\0001\0006\000.\0001\000.\0001\000\040\000F\000u\000z\000z\000y\000M\000e\000m\000b\000e\000r\000s\000h\000i\000p\000T\000r\000a\000p\000e\000z\000o\000i\000d\000a\000l\000\050\000\051}{subsection.6.16.1}% 159
\BOOKMARK [3][-]{subsubsection.6.16.1.2}{\376\377\0006\000.\0001\0006\000.\0001\000.\0002\000\040\000\040\000F\000u\000z\000z\000y\000M\000e\000m\000b\000e\000r\000s\000h\000i\000p\000T\000r\000a\000p\000e\000z\000o\000i\000d\000a\000l\000\050\000\051}{subsection.6.16.1}% 160
\BOOKMARK [2][-]{subsection.6.16.2}{\376\377\0006\000.\0001\0006\000.\0002\000\040\000M\000e\000m\000b\000e\000r\000\040\000F\000u\000n\000c\000t\000i\000o\000n\000\040\000D\000o\000c\000u\000m\000e\000n\000t\000a\000t\000i\000o\000n}{section.6.16}% 161
\BOOKMARK [3][-]{subsubsection.6.16.2.1}{\376\377\0006\000.\0001\0006\000.\0002\000.\0001\000\040\000c\000o\000m\000p\000u\000t\000e\000\137\000a\000r\000e\000a\000\137\000o\000f\000\137\000m\000e\000m\000b\000e\000r\000s\000h\000i\000p\000\050\000\051}{subsection.6.16.2}% 162
\BOOKMARK [3][-]{subsubsection.6.16.2.2}{\376\377\0006\000.\0001\0006\000.\0002\000.\0002\000\040\000c\000o\000m\000p\000u\000t\000e\000\137\000c\000e\000n\000t\000r\000o\000i\000d\000\137\000o\000f\000\137\000m\000e\000m\000b\000e\000r\000s\000h\000i\000p\000\050\000\051}{subsection.6.16.2}% 163
\BOOKMARK [3][-]{subsubsection.6.16.2.3}{\376\377\0006\000.\0001\0006\000.\0002\000.\0003\000\040\000c\000o\000m\000p\000u\000t\000e\000\137\000d\000e\000g\000r\000e\000e\000\137\000o\000f\000\137\000m\000e\000m\000b\000e\000r\000s\000h\000i\000p\000\050\000\051}{subsection.6.16.2}% 164
\BOOKMARK [3][-]{subsubsection.6.16.2.4}{\376\377\0006\000.\0001\0006\000.\0002\000.\0004\000\040\000p\000a\000r\000s\000e\000\050\000\051}{subsection.6.16.2}% 165
\BOOKMARK [2][-]{subsection.6.16.3}{\376\377\0006\000.\0001\0006\000.\0003\000\040\000M\000e\000m\000b\000e\000r\000\040\000D\000a\000t\000a\000\040\000D\000o\000c\000u\000m\000e\000n\000t\000a\000t\000i\000o\000n}{section.6.16}% 166
\BOOKMARK [3][-]{subsubsection.6.16.3.1}{\376\377\0006\000.\0001\0006\000.\0003\000.\0001\000\040\000\137\000\137\000M\000B\000\137\000T\000R\000A\000P\000E\000Z\000O\000I\000D\000A\000L\000\137\000K\000E\000Y}{subsection.6.16.3}% 167
\BOOKMARK [1][-]{section.6.17}{\376\377\0006\000.\0001\0007\000\040\000F\000u\000z\000z\000y\000O\000u\000t\000p\000u\000t\000\040\000C\000l\000a\000s\000s\000\040\000R\000e\000f\000e\000r\000e\000n\000c\000e}{chapter.6}% 168
\BOOKMARK [2][-]{subsection.6.17.1}{\376\377\0006\000.\0001\0007\000.\0001\000\040\000C\000o\000n\000s\000t\000r\000u\000c\000t\000o\000r\000\040\000\046\000\040\000D\000e\000s\000t\000r\000u\000c\000t\000o\000r\000\040\000D\000o\000c\000u\000m\000e\000n\000t\000a\000t\000i\000o\000n}{section.6.17}% 169
\BOOKMARK [3][-]{subsubsection.6.17.1.1}{\376\377\0006\000.\0001\0007\000.\0001\000.\0001\000\040\000F\000u\000z\000z\000y\000O\000u\000t\000p\000u\000t\000\050\000\051}{subsection.6.17.1}% 170
\BOOKMARK [3][-]{subsubsection.6.17.1.2}{\376\377\0006\000.\0001\0007\000.\0001\000.\0002\000\040\000\040\000F\000u\000z\000z\000y\000O\000u\000t\000p\000u\000t\000\050\000\051}{subsection.6.17.1}% 171
\BOOKMARK [2][-]{subsection.6.17.2}{\376\377\0006\000.\0001\0007\000.\0002\000\040\000M\000e\000m\000b\000e\000r\000\040\000F\000u\000n\000c\000t\000i\000o\000n\000\040\000D\000o\000c\000u\000m\000e\000n\000t\000a\000t\000i\000o\000n}{section.6.17}% 172
\BOOKMARK [3][-]{subsubsection.6.17.2.1}{\376\377\0006\000.\0001\0007\000.\0002\000.\0001\000\040\000d\000e\000f\000u\000z\000z\000i\000f\000i\000c\000a\000t\000i\000o\000n\000\050\000\051}{subsection.6.17.2}% 173
\BOOKMARK [3][-]{subsubsection.6.17.2.2}{\376\377\0006\000.\0001\0007\000.\0002\000.\0002\000\040\000p\000a\000r\000s\000e\000\050\000\051}{subsection.6.17.2}% 174
\BOOKMARK [1][-]{section.6.18}{\376\377\0006\000.\0001\0008\000\040\000F\000u\000z\000z\000y\000R\000u\000l\000e\000\040\000C\000l\000a\000s\000s\000\040\000R\000e\000f\000e\000r\000e\000n\000c\000e}{chapter.6}% 175
\BOOKMARK [2][-]{subsection.6.18.1}{\376\377\0006\000.\0001\0008\000.\0001\000\040\000C\000o\000n\000s\000t\000r\000u\000c\000t\000o\000r\000\040\000\046\000\040\000D\000e\000s\000t\000r\000u\000c\000t\000o\000r\000\040\000D\000o\000c\000u\000m\000e\000n\000t\000a\000t\000i\000o\000n}{section.6.18}% 176
\BOOKMARK [3][-]{subsubsection.6.18.1.1}{\376\377\0006\000.\0001\0008\000.\0001\000.\0001\000\040\000F\000u\000z\000z\000y\000R\000u\000l\000e\000\050\000\051}{subsection.6.18.1}% 177
\BOOKMARK [3][-]{subsubsection.6.18.1.2}{\376\377\0006\000.\0001\0008\000.\0001\000.\0002\000\040\000\040\000F\000u\000z\000z\000y\000R\000u\000l\000e\000\050\000\051}{subsection.6.18.1}% 178
\BOOKMARK [2][-]{subsection.6.18.2}{\376\377\0006\000.\0001\0008\000.\0002\000\040\000M\000e\000m\000b\000e\000r\000\040\000F\000u\000n\000c\000t\000i\000o\000n\000\040\000D\000o\000c\000u\000m\000e\000n\000t\000a\000t\000i\000o\000n}{section.6.18}% 179
\BOOKMARK [3][-]{subsubsection.6.18.2.1}{\376\377\0006\000.\0001\0008\000.\0002\000.\0001\000\040\000e\000v\000a\000l\000u\000a\000t\000e\000\050\000\051}{subsection.6.18.2}% 180
\BOOKMARK [3][-]{subsubsection.6.18.2.2}{\376\377\0006\000.\0001\0008\000.\0002\000.\0002\000\040\000p\000a\000r\000s\000e\000\050\000\051}{subsection.6.18.2}% 181
\BOOKMARK [1][-]{section.6.19}{\376\377\0006\000.\0001\0009\000\040\000H\000e\000a\000d\000l\000i\000g\000h\000t\000s\000\040\000C\000l\000a\000s\000s\000\040\000R\000e\000f\000e\000r\000e\000n\000c\000e}{chapter.6}% 182
\BOOKMARK [2][-]{subsection.6.19.1}{\376\377\0006\000.\0001\0009\000.\0001\000\040\000C\000o\000n\000s\000t\000r\000u\000c\000t\000o\000r\000\040\000\046\000\040\000D\000e\000s\000t\000r\000u\000c\000t\000o\000r\000\040\000D\000o\000c\000u\000m\000e\000n\000t\000a\000t\000i\000o\000n}{section.6.19}% 183
\BOOKMARK [3][-]{subsubsection.6.19.1.1}{\376\377\0006\000.\0001\0009\000.\0001\000.\0001\000\040\000H\000e\000a\000d\000l\000i\000g\000h\000t\000s\000\050\000\051}{subsection.6.19.1}% 184
\BOOKMARK [3][-]{subsubsection.6.19.1.2}{\376\377\0006\000.\0001\0009\000.\0001\000.\0002\000\040\000\040\000H\000e\000a\000d\000l\000i\000g\000h\000t\000s\000\050\000\051}{subsection.6.19.1}% 185
\BOOKMARK [2][-]{subsection.6.19.2}{\376\377\0006\000.\0001\0009\000.\0002\000\040\000M\000e\000m\000b\000e\000r\000\040\000F\000u\000n\000c\000t\000i\000o\000n\000\040\000D\000o\000c\000u\000m\000e\000n\000t\000a\000t\000i\000o\000n}{section.6.19}% 186
\BOOKMARK [3][-]{subsubsection.6.19.2.1}{\376\377\0006\000.\0001\0009\000.\0002\000.\0001\000\040\000u\000p\000d\000a\000t\000e\000\050\000\051}{subsection.6.19.2}% 187
\BOOKMARK [1][-]{section.6.20}{\376\377\0006\000.\0002\0000\000\040\000C\000a\000p\000t\000u\000r\000e\000F\000r\000a\000m\000e\000:\000:\000I\000m\000a\000g\000e\000B\000u\000f\000f\000e\000r\000\040\000S\000t\000r\000u\000c\000t\000\040\000R\000e\000f\000e\000r\000e\000n\000c\000e}{chapter.6}% 188
\BOOKMARK [2][-]{subsection.6.20.1}{\376\377\0006\000.\0002\0000\000.\0001\000\040\000D\000e\000t\000a\000i\000l\000e\000d\000\040\000D\000e\000s\000c\000r\000i\000p\000t\000i\000o\000n}{section.6.20}% 189
\BOOKMARK [2][-]{subsection.6.20.2}{\376\377\0006\000.\0002\0000\000.\0002\000\040\000M\000e\000m\000b\000e\000r\000\040\000D\000a\000t\000a\000\040\000D\000o\000c\000u\000m\000e\000n\000t\000a\000t\000i\000o\000n}{section.6.20}% 190
\BOOKMARK [3][-]{subsubsection.6.20.2.1}{\376\377\0006\000.\0002\0000\000.\0002\000.\0001\000\040\000l\000e\000n\000g\000t\000h}{subsection.6.20.2}% 191
\BOOKMARK [3][-]{subsubsection.6.20.2.2}{\376\377\0006\000.\0002\0000\000.\0002\000.\0002\000\040\000p\000l\000a\000n\000e\000s}{subsection.6.20.2}% 192
\BOOKMARK [3][-]{subsubsection.6.20.2.3}{\376\377\0006\000.\0002\0000\000.\0002\000.\0003\000\040\000s\000t\000a\000r\000t}{subsection.6.20.2}% 193
\BOOKMARK [1][-]{section.6.21}{\376\377\0006\000.\0002\0001\000\040\000L\000o\000g\000g\000e\000r\000\040\000C\000l\000a\000s\000s\000\040\000R\000e\000f\000e\000r\000e\000n\000c\000e}{chapter.6}% 194
\BOOKMARK [2][-]{subsection.6.21.1}{\376\377\0006\000.\0002\0001\000.\0001\000\040\000C\000o\000n\000s\000t\000r\000u\000c\000t\000o\000r\000\040\000\046\000\040\000D\000e\000s\000t\000r\000u\000c\000t\000o\000r\000\040\000D\000o\000c\000u\000m\000e\000n\000t\000a\000t\000i\000o\000n}{section.6.21}% 195
\BOOKMARK [3][-]{subsubsection.6.21.1.1}{\376\377\0006\000.\0002\0001\000.\0001\000.\0001\000\040\000L\000o\000g\000g\000e\000r\000\050\000\051}{subsection.6.21.1}% 196
\BOOKMARK [2][-]{subsection.6.21.2}{\376\377\0006\000.\0002\0001\000.\0002\000\040\000M\000e\000m\000b\000e\000r\000\040\000F\000u\000n\000c\000t\000i\000o\000n\000\040\000D\000o\000c\000u\000m\000e\000n\000t\000a\000t\000i\000o\000n}{section.6.21}% 197
\BOOKMARK [3][-]{subsubsection.6.21.2.1}{\376\377\0006\000.\0002\0001\000.\0002\000.\0001\000\040\000l\000o\000g\000\050\000\051}{subsection.6.21.2}% 198
\BOOKMARK [3][-]{subsubsection.6.21.2.2}{\376\377\0006\000.\0002\0001\000.\0002\000.\0002\000\040\000o\000p\000e\000r\000a\000t\000o\000r\000=\000\050\000\051}{subsection.6.21.2}% 199
\BOOKMARK [3][-]{subsubsection.6.21.2.3}{\376\377\0006\000.\0002\0001\000.\0002\000.\0003\000\040\000p\000u\000s\000h\000\050\000\051}{subsection.6.21.2}% 200
\BOOKMARK [1][-]{section.6.22}{\376\377\0006\000.\0002\0002\000\040\000L\000o\000g\000S\000t\000r\000e\000a\000m\000\040\000C\000l\000a\000s\000s\000\040\000R\000e\000f\000e\000r\000e\000n\000c\000e}{chapter.6}% 201
\BOOKMARK [2][-]{subsection.6.22.1}{\376\377\0006\000.\0002\0002\000.\0001\000\040\000C\000o\000n\000s\000t\000r\000u\000c\000t\000o\000r\000\040\000\046\000\040\000D\000e\000s\000t\000r\000u\000c\000t\000o\000r\000\040\000D\000o\000c\000u\000m\000e\000n\000t\000a\000t\000i\000o\000n}{section.6.22}% 202
\BOOKMARK [3][-]{subsubsection.6.22.1.1}{\376\377\0006\000.\0002\0002\000.\0001\000.\0001\000\040\000L\000o\000g\000S\000t\000r\000e\000a\000m\000\050\000\051}{subsection.6.22.1}% 203
\BOOKMARK [3][-]{subsubsection.6.22.1.2}{\376\377\0006\000.\0002\0002\000.\0001\000.\0002\000\040\000\040\000L\000o\000g\000S\000t\000r\000e\000a\000m\000\050\000\051}{subsection.6.22.1}% 204
\BOOKMARK [2][-]{subsection.6.22.2}{\376\377\0006\000.\0002\0002\000.\0002\000\040\000M\000e\000m\000b\000e\000r\000\040\000F\000u\000n\000c\000t\000i\000o\000n\000\040\000D\000o\000c\000u\000m\000e\000n\000t\000a\000t\000i\000o\000n}{section.6.22}% 205
\BOOKMARK [3][-]{subsubsection.6.22.2.1}{\376\377\0006\000.\0002\0002\000.\0002\000.\0001\000\040\000l\000e\000v\000e\000l\000T\000o\000S\000t\000r\000i\000n\000g\000\050\000\051}{subsection.6.22.2}% 206
\BOOKMARK [1][-]{section.6.23}{\376\377\0006\000.\0002\0003\000\040\000o\000v\0007\0006\0007\0000\000\040\000C\000l\000a\000s\000s\000\040\000R\000e\000f\000e\000r\000e\000n\000c\000e}{chapter.6}% 207
\BOOKMARK [2][-]{subsection.6.23.1}{\376\377\0006\000.\0002\0003\000.\0001\000\040\000M\000e\000m\000b\000e\000r\000\040\000E\000n\000u\000m\000e\000r\000a\000t\000i\000o\000n\000\040\000D\000o\000c\000u\000m\000e\000n\000t\000a\000t\000i\000o\000n}{section.6.23}% 208
\BOOKMARK [3][-]{subsubsection.6.23.1.1}{\376\377\0006\000.\0002\0003\000.\0001\000.\0001\000\040\000p\000i\000x\000e\000l\000F\000o\000r\000m\000a\000t}{subsection.6.23.1}% 209
\BOOKMARK [2][-]{subsection.6.23.2}{\376\377\0006\000.\0002\0003\000.\0002\000\040\000C\000o\000n\000s\000t\000r\000u\000c\000t\000o\000r\000\040\000\046\000\040\000D\000e\000s\000t\000r\000u\000c\000t\000o\000r\000\040\000D\000o\000c\000u\000m\000e\000n\000t\000a\000t\000i\000o\000n}{section.6.23}% 210
\BOOKMARK [3][-]{subsubsection.6.23.2.1}{\376\377\0006\000.\0002\0003\000.\0002\000.\0001\000\040\000o\000v\0007\0006\0007\0000\000\050\000\051}{subsection.6.23.2}% 211
\BOOKMARK [3][-]{subsubsection.6.23.2.2}{\376\377\0006\000.\0002\0003\000.\0002\000.\0002\000\040\000\040\000o\000v\0007\0006\0007\0000\000\050\000\051}{subsection.6.23.2}% 212
\BOOKMARK [1][-]{section.6.24}{\376\377\0006\000.\0002\0004\000\040\000R\000e\000c\000o\000g\000n\000i\000t\000i\000o\000n\000R\000e\000s\000u\000l\000t\000\040\000S\000t\000r\000u\000c\000t\000\040\000R\000e\000f\000e\000r\000e\000n\000c\000e}{chapter.6}% 213
\BOOKMARK [2][-]{subsection.6.24.1}{\376\377\0006\000.\0002\0004\000.\0001\000\040\000M\000e\000m\000b\000e\000r\000\040\000D\000a\000t\000a\000\040\000D\000o\000c\000u\000m\000e\000n\000t\000a\000t\000i\000o\000n}{section.6.24}% 214
\BOOKMARK [3][-]{subsubsection.6.24.1.1}{\376\377\0006\000.\0002\0004\000.\0001\000.\0001\000\040\000l\000a\000b\000e\000l}{subsection.6.24.1}% 215
\BOOKMARK [3][-]{subsubsection.6.24.1.2}{\376\377\0006\000.\0002\0004\000.\0001\000.\0002\000\040\000s\000c\000o\000r\000e}{subsection.6.24.1}% 216
\BOOKMARK [3][-]{subsubsection.6.24.1.3}{\376\377\0006\000.\0002\0004\000.\0001\000.\0003\000\040\000x\000m\000a\000x}{subsection.6.24.1}% 217
\BOOKMARK [3][-]{subsubsection.6.24.1.4}{\376\377\0006\000.\0002\0004\000.\0001\000.\0004\000\040\000x\000m\000i\000n}{subsection.6.24.1}% 218
\BOOKMARK [3][-]{subsubsection.6.24.1.5}{\376\377\0006\000.\0002\0004\000.\0001\000.\0005\000\040\000y\000m\000a\000x}{subsection.6.24.1}% 219
\BOOKMARK [3][-]{subsubsection.6.24.1.6}{\376\377\0006\000.\0002\0004\000.\0001\000.\0006\000\040\000y\000m\000i\000n}{subsection.6.24.1}% 220
\BOOKMARK [1][-]{section.6.25}{\376\377\0006\000.\0002\0005\000\040\000S\000i\000m\000p\000l\000e\000M\000o\000v\000i\000n\000g\000A\000v\000e\000r\000a\000g\000e\000\040\000C\000l\000a\000s\000s\000\040\000R\000e\000f\000e\000r\000e\000n\000c\000e}{chapter.6}% 221
\BOOKMARK [2][-]{subsection.6.25.1}{\376\377\0006\000.\0002\0005\000.\0001\000\040\000C\000o\000n\000s\000t\000r\000u\000c\000t\000o\000r\000\040\000\046\000\040\000D\000e\000s\000t\000r\000u\000c\000t\000o\000r\000\040\000D\000o\000c\000u\000m\000e\000n\000t\000a\000t\000i\000o\000n}{section.6.25}% 222
\BOOKMARK [3][-]{subsubsection.6.25.1.1}{\376\377\0006\000.\0002\0005\000.\0001\000.\0001\000\040\000S\000i\000m\000p\000l\000e\000M\000o\000v\000i\000n\000g\000A\000v\000e\000r\000a\000g\000e\000\050\000\051}{subsection.6.25.1}% 223
\BOOKMARK [3][-]{subsubsection.6.25.1.2}{\376\377\0006\000.\0002\0005\000.\0001\000.\0002\000\040\000\040\000S\000i\000m\000p\000l\000e\000M\000o\000v\000i\000n\000g\000A\000v\000e\000r\000a\000g\000e\000\050\000\051}{subsection.6.25.1}% 224
\BOOKMARK [2][-]{subsection.6.25.2}{\376\377\0006\000.\0002\0005\000.\0002\000\040\000M\000e\000m\000b\000e\000r\000\040\000F\000u\000n\000c\000t\000i\000o\000n\000\040\000D\000o\000c\000u\000m\000e\000n\000t\000a\000t\000i\000o\000n}{section.6.25}% 225
\BOOKMARK [3][-]{subsubsection.6.25.2.1}{\376\377\0006\000.\0002\0005\000.\0002\000.\0001\000\040\000a\000d\000d\000D\000a\000t\000a\000\050\000\051}{subsection.6.25.2}% 226
\BOOKMARK [3][-]{subsubsection.6.25.2.2}{\376\377\0006\000.\0002\0005\000.\0002\000.\0002\000\040\000g\000e\000t\000M\000e\000a\000n\000\050\000\051}{subsection.6.25.2}% 227
\BOOKMARK [1][-]{section.6.26}{\376\377\0006\000.\0002\0006\000\040\000S\000m\000a\000r\000t\000N\000a\000v\000\040\000C\000l\000a\000s\000s\000\040\000R\000e\000f\000e\000r\000e\000n\000c\000e}{chapter.6}% 228
\BOOKMARK [2][-]{subsection.6.26.1}{\376\377\0006\000.\0002\0006\000.\0001\000\040\000C\000o\000n\000s\000t\000r\000u\000c\000t\000o\000r\000\040\000\046\000\040\000D\000e\000s\000t\000r\000u\000c\000t\000o\000r\000\040\000D\000o\000c\000u\000m\000e\000n\000t\000a\000t\000i\000o\000n}{section.6.26}% 229
\BOOKMARK [3][-]{subsubsection.6.26.1.1}{\376\377\0006\000.\0002\0006\000.\0001\000.\0001\000\040\000S\000m\000a\000r\000t\000N\000a\000v\000\050\000\051}{subsection.6.26.1}% 230
\BOOKMARK [3][-]{subsubsection.6.26.1.2}{\376\377\0006\000.\0002\0006\000.\0001\000.\0002\000\040\000\040\000S\000m\000a\000r\000t\000N\000a\000v\000\050\000\051}{subsection.6.26.1}% 231
\BOOKMARK [1][-]{section.6.27}{\376\377\0006\000.\0002\0007\000\040\000F\000u\000z\000z\000y\000M\000e\000m\000b\000e\000r\000s\000h\000i\000p\000T\000r\000a\000p\000e\000z\000o\000i\000d\000a\000l\000:\000:\000T\000r\000a\000p\000e\000z\000o\000i\000d\000a\000l\000P\000o\000i\000n\000t\000s\000\040\000S\000t\000r\000u\000c\000t\000\040\000R\000e\000f\000e\000r\000e\000n\000c\000e}{chapter.6}% 232
\BOOKMARK [2][-]{subsection.6.27.1}{\376\377\0006\000.\0002\0007\000.\0001\000\040\000M\000e\000m\000b\000e\000r\000\040\000D\000a\000t\000a\000\040\000D\000o\000c\000u\000m\000e\000n\000t\000a\000t\000i\000o\000n}{section.6.27}% 233
\BOOKMARK [3][-]{subsubsection.6.27.1.1}{\376\377\0006\000.\0002\0007\000.\0001\000.\0001\000\040\000l\000e\000f\000t\000\137\000s\000l\000o\000p\000e}{subsection.6.27.1}% 234
\BOOKMARK [3][-]{subsubsection.6.27.1.2}{\376\377\0006\000.\0002\0007\000.\0001\000.\0002\000\040\000r\000i\000g\000h\000t\000\137\000s\000l\000o\000p\000e}{subsection.6.27.1}% 235
\BOOKMARK [3][-]{subsubsection.6.27.1.3}{\376\377\0006\000.\0002\0007\000.\0001\000.\0003\000\040\000x\0001}{subsection.6.27.1}% 236
\BOOKMARK [3][-]{subsubsection.6.27.1.4}{\376\377\0006\000.\0002\0007\000.\0001\000.\0004\000\040\000x\0002}{subsection.6.27.1}% 237
\BOOKMARK [1][-]{section.6.28}{\376\377\0006\000.\0002\0008\000\040\000u\000t\000i\000l\000i\000t\000i\000e\000s\000\040\000C\000l\000a\000s\000s\000\040\000R\000e\000f\000e\000r\000e\000n\000c\000e}{chapter.6}% 238
\BOOKMARK [2][-]{subsection.6.28.1}{\376\377\0006\000.\0002\0008\000.\0001\000\040\000C\000o\000n\000s\000t\000r\000u\000c\000t\000o\000r\000\040\000\046\000\040\000D\000e\000s\000t\000r\000u\000c\000t\000o\000r\000\040\000D\000o\000c\000u\000m\000e\000n\000t\000a\000t\000i\000o\000n}{section.6.28}% 239
\BOOKMARK [3][-]{subsubsection.6.28.1.1}{\376\377\0006\000.\0002\0008\000.\0001\000.\0001\000\040\000u\000t\000i\000l\000i\000t\000i\000e\000s\000\050\000\051}{subsection.6.28.1}% 240
\BOOKMARK [3][-]{subsubsection.6.28.1.2}{\376\377\0006\000.\0002\0008\000.\0001\000.\0002\000\040\000\040\000u\000t\000i\000l\000i\000t\000i\000e\000s\000\050\000\051}{subsection.6.28.1}% 241
\BOOKMARK [1][-]{section.6.29}{\376\377\0006\000.\0002\0009\000\040\000v\000\137\000d\000e\000m\000o\000s\000a\000i\000c\000\040\000C\000l\000a\000s\000s\000\040\000R\000e\000f\000e\000r\000e\000n\000c\000e}{chapter.6}% 242
\BOOKMARK [2][-]{subsection.6.29.1}{\376\377\0006\000.\0002\0009\000.\0001\000\040\000M\000e\000m\000b\000e\000r\000\040\000E\000n\000u\000m\000e\000r\000a\000t\000i\000o\000n\000\040\000D\000o\000c\000u\000m\000e\000n\000t\000a\000t\000i\000o\000n}{section.6.29}% 243
\BOOKMARK [3][-]{subsubsection.6.29.1.1}{\376\377\0006\000.\0002\0009\000.\0001\000.\0001\000\040\000p\000i\000x\000e\000l\000F\000o\000r\000m\000a\000t}{subsection.6.29.1}% 244
\BOOKMARK [2][-]{subsection.6.29.2}{\376\377\0006\000.\0002\0009\000.\0002\000\040\000C\000o\000n\000s\000t\000r\000u\000c\000t\000o\000r\000\040\000\046\000\040\000D\000e\000s\000t\000r\000u\000c\000t\000o\000r\000\040\000D\000o\000c\000u\000m\000e\000n\000t\000a\000t\000i\000o\000n}{section.6.29}% 245
\BOOKMARK [3][-]{subsubsection.6.29.2.1}{\376\377\0006\000.\0002\0009\000.\0002\000.\0001\000\040\000v\000\137\000d\000e\000m\000o\000s\000a\000i\000c\000\050\000\051}{subsection.6.29.2}% 246
\BOOKMARK [3][-]{subsubsection.6.29.2.2}{\376\377\0006\000.\0002\0009\000.\0002\000.\0002\000\040\000\040\000v\000\137\000d\000e\000m\000o\000s\000a\000i\000c\000\050\000\051}{subsection.6.29.2}% 247
\BOOKMARK [1][-]{section.6.30}{\376\377\0006\000.\0003\0000\000\040\000V\000i\000r\000t\000u\000a\000l\000I\000m\000a\000g\000e\000\040\000C\000l\000a\000s\000s\000\040\000R\000e\000f\000e\000r\000e\000n\000c\000e}{chapter.6}% 248
\BOOKMARK [2][-]{subsection.6.30.1}{\376\377\0006\000.\0003\0000\000.\0001\000\040\000C\000o\000n\000s\000t\000r\000u\000c\000t\000o\000r\000\040\000\046\000\040\000D\000e\000s\000t\000r\000u\000c\000t\000o\000r\000\040\000D\000o\000c\000u\000m\000e\000n\000t\000a\000t\000i\000o\000n}{section.6.30}% 249
\BOOKMARK [3][-]{subsubsection.6.30.1.1}{\376\377\0006\000.\0003\0000\000.\0001\000.\0001\000\040\000V\000i\000r\000t\000u\000a\000l\000I\000m\000a\000g\000e\000\050\000\051\000\040\000[\0001\000/\0002\000]}{subsection.6.30.1}% 250
\BOOKMARK [3][-]{subsubsection.6.30.1.2}{\376\377\0006\000.\0003\0000\000.\0001\000.\0002\000\040\000V\000i\000r\000t\000u\000a\000l\000I\000m\000a\000g\000e\000\050\000\051\000\040\000[\0002\000/\0002\000]}{subsection.6.30.1}% 251
\BOOKMARK [3][-]{subsubsection.6.30.1.3}{\376\377\0006\000.\0003\0000\000.\0001\000.\0003\000\040\000\040\000V\000i\000r\000t\000u\000a\000l\000I\000m\000a\000g\000e\000\050\000\051}{subsection.6.30.1}% 252
\BOOKMARK [2][-]{subsection.6.30.2}{\376\377\0006\000.\0003\0000\000.\0002\000\040\000M\000e\000m\000b\000e\000r\000\040\000F\000u\000n\000c\000t\000i\000o\000n\000\040\000D\000o\000c\000u\000m\000e\000n\000t\000a\000t\000i\000o\000n}{section.6.30}% 253
\BOOKMARK [3][-]{subsubsection.6.30.2.1}{\376\377\0006\000.\0003\0000\000.\0002\000.\0001\000\040\000c\000o\000l\000o\000r\000B\000a\000l\000a\000n\000c\000i\000n\000g\000\050\000\051}{subsection.6.30.2}% 254
\BOOKMARK [3][-]{subsubsection.6.30.2.2}{\376\377\0006\000.\0003\0000\000.\0002\000.\0002\000\040\000c\000o\000n\000v\000e\000r\000t\000T\000o\000R\000g\000b\000\050\000\051}{subsection.6.30.2}% 255
\BOOKMARK [3][-]{subsubsection.6.30.2.3}{\376\377\0006\000.\0003\0000\000.\0002\000.\0003\000\040\000f\000l\000i\000p\000\050\000\051}{subsection.6.30.2}% 256
\BOOKMARK [3][-]{subsubsection.6.30.2.4}{\376\377\0006\000.\0003\0000\000.\0002\000.\0004\000\040\000g\000e\000t\000B\000r\000i\000g\000h\000t\000n\000e\000s\000s\000\050\000\051}{subsection.6.30.2}% 257
\BOOKMARK [3][-]{subsubsection.6.30.2.5}{\376\377\0006\000.\0003\0000\000.\0002\000.\0005\000\040\000g\000e\000t\000C\000h\000a\000n\000n\000e\000l\000s\000\050\000\051}{subsection.6.30.2}% 258
\BOOKMARK [3][-]{subsubsection.6.30.2.6}{\376\377\0006\000.\0003\0000\000.\0002\000.\0006\000\040\000g\000e\000t\000C\000o\000l\000o\000r\000S\000p\000a\000c\000e\000\050\000\051}{subsection.6.30.2}% 259
\BOOKMARK [3][-]{subsubsection.6.30.2.7}{\376\377\0006\000.\0003\0000\000.\0002\000.\0007\000\040\000g\000e\000t\000D\000a\000t\000a\000\050\000\051}{subsection.6.30.2}% 260
\BOOKMARK [3][-]{subsubsection.6.30.2.8}{\376\377\0006\000.\0003\0000\000.\0002\000.\0008\000\040\000g\000e\000t\000H\000e\000i\000g\000t\000h\000\050\000\051}{subsection.6.30.2}% 261
\BOOKMARK [3][-]{subsubsection.6.30.2.9}{\376\377\0006\000.\0003\0000\000.\0002\000.\0009\000\040\000g\000e\000t\000W\000i\000d\000t\000h\000\050\000\051}{subsection.6.30.2}% 262
\BOOKMARK [3][-]{subsubsection.6.30.2.10}{\376\377\0006\000.\0003\0000\000.\0002\000.\0001\0000\000\040\000r\000e\000s\000i\000z\000e\000\050\000\051}{subsection.6.30.2}% 263
\BOOKMARK [3][-]{subsubsection.6.30.2.11}{\376\377\0006\000.\0003\0000\000.\0002\000.\0001\0001\000\040\000s\000a\000v\000e\000A\000s\000J\000p\000g\000\050\000\051}{subsection.6.30.2}% 264
\BOOKMARK [0][-]{chapter.7}{\376\377\0007\000\040\000F\000i\000l\000e\000\040\000D\000o\000c\000u\000m\000e\000n\000t\000a\000t\000i\000o\000n}{}% 265
\BOOKMARK [1][-]{section.7.1}{\376\377\0007\000.\0001\000\040\000m\000o\000d\000u\000l\000e\000s\000/\000c\000a\000p\000t\000u\000r\000e\000-\000f\000r\000a\000m\000e\000/\000C\000a\000p\000t\000u\000r\000e\000F\000r\000a\000m\000e\000.\000c\000p\000p\000\040\000F\000i\000l\000e\000\040\000R\000e\000f\000e\000r\000e\000n\000c\000e}{chapter.7}% 266
\BOOKMARK [2][-]{subsection.7.1.1}{\376\377\0007\000.\0001\000.\0001\000\040\000M\000a\000c\000r\000o\000\040\000D\000e\000f\000i\000n\000i\000t\000i\000o\000n\000\040\000D\000o\000c\000u\000m\000e\000n\000t\000a\000t\000i\000o\000n}{section.7.1}% 267
\BOOKMARK [3][-]{subsubsection.7.1.1.1}{\376\377\0007\000.\0001\000.\0001\000.\0001\000\040\000D\000E\000B\000U\000G\000\137\000P\000R\000I\000N\000T}{subsection.7.1.1}% 268
\BOOKMARK [1][-]{section.7.2}{\376\377\0007\000.\0002\000\040\000m\000o\000d\000u\000l\000e\000s\000/\000c\000a\000p\000t\000u\000r\000e\000-\000f\000r\000a\000m\000e\000/\000C\000a\000p\000t\000u\000r\000e\000F\000r\000a\000m\000e\000.\000h\000p\000p\000\040\000F\000i\000l\000e\000\040\000R\000e\000f\000e\000r\000e\000n\000c\000e}{chapter.7}% 269
\BOOKMARK [2][-]{subsection.7.2.1}{\376\377\0007\000.\0002\000.\0001\000\040\000M\000a\000c\000r\000o\000\040\000D\000e\000f\000i\000n\000i\000t\000i\000o\000n\000\040\000D\000o\000c\000u\000m\000e\000n\000t\000a\000t\000i\000o\000n}{section.7.2}% 270
\BOOKMARK [3][-]{subsubsection.7.2.1.1}{\376\377\0007\000.\0002\000.\0001\000.\0001\000\040\000C\000L\000E\000A\000R}{subsection.7.2.1}% 271
\BOOKMARK [1][-]{section.7.3}{\376\377\0007\000.\0003\000\040\000m\000o\000d\000u\000l\000e\000s\000/\000c\000a\000p\000t\000u\000r\000e\000-\000f\000r\000a\000m\000e\000/\000C\000o\000l\000o\000r\000S\000p\000a\000c\000e\000s\000.\000h\000p\000p\000\040\000F\000i\000l\000e\000\040\000R\000e\000f\000e\000r\000e\000n\000c\000e}{chapter.7}% 272
\BOOKMARK [2][-]{subsection.7.3.1}{\376\377\0007\000.\0003\000.\0001\000\040\000E\000n\000u\000m\000e\000r\000a\000t\000i\000o\000n\000\040\000T\000y\000p\000e\000\040\000D\000o\000c\000u\000m\000e\000n\000t\000a\000t\000i\000o\000n}{section.7.3}% 273
\BOOKMARK [3][-]{subsubsection.7.3.1.1}{\376\377\0007\000.\0003\000.\0001\000.\0001\000\040\000C\000o\000l\000o\000r\000S\000p\000a\000c\000e\000s}{subsection.7.3.1}% 274
\BOOKMARK [1][-]{section.7.4}{\376\377\0007\000.\0004\000\040\000m\000o\000d\000u\000l\000e\000s\000/\000c\000a\000p\000t\000u\000r\000e\000-\000f\000r\000a\000m\000e\000/\000D\000e\000t\000e\000c\000t\000o\000r\000.\000c\000p\000p\000\040\000F\000i\000l\000e\000\040\000R\000e\000f\000e\000r\000e\000n\000c\000e}{chapter.7}% 275
\BOOKMARK [2][-]{subsection.7.4.1}{\376\377\0007\000.\0004\000.\0001\000\040\000M\000a\000c\000r\000o\000\040\000D\000e\000f\000i\000n\000i\000t\000i\000o\000n\000\040\000D\000o\000c\000u\000m\000e\000n\000t\000a\000t\000i\000o\000n}{section.7.4}% 276
\BOOKMARK [3][-]{subsubsection.7.4.1.1}{\376\377\0007\000.\0004\000.\0001\000.\0001\000\040\000D\000E\000B\000U\000G\000\137\000P\000R\000I\000N\000T}{subsection.7.4.1}% 277
\BOOKMARK [1][-]{section.7.5}{\376\377\0007\000.\0005\000\040\000m\000o\000d\000u\000l\000e\000s\000/\000c\000a\000p\000t\000u\000r\000e\000-\000f\000r\000a\000m\000e\000/\000D\000e\000t\000e\000c\000t\000o\000r\000.\000h\000p\000p\000\040\000F\000i\000l\000e\000\040\000R\000e\000f\000e\000r\000e\000n\000c\000e}{chapter.7}% 278
\BOOKMARK [1][-]{section.7.6}{\376\377\0007\000.\0006\000\040\000m\000o\000d\000u\000l\000e\000s\000/\000c\000a\000p\000t\000u\000r\000e\000-\000f\000r\000a\000m\000e\000/\000F\000r\000a\000m\000e\000P\000r\000o\000c\000e\000s\000s\000o\000r\000.\000c\000p\000p\000\040\000F\000i\000l\000e\000\040\000R\000e\000f\000e\000r\000e\000n\000c\000e}{chapter.7}% 279
\BOOKMARK [1][-]{section.7.7}{\376\377\0007\000.\0007\000\040\000m\000o\000d\000u\000l\000e\000s\000/\000c\000a\000p\000t\000u\000r\000e\000-\000f\000r\000a\000m\000e\000/\000F\000r\000a\000m\000e\000P\000r\000o\000c\000e\000s\000s\000o\000r\000.\000h\000p\000p\000\040\000F\000i\000l\000e\000\040\000R\000e\000f\000e\000r\000e\000n\000c\000e}{chapter.7}% 280
\BOOKMARK [1][-]{section.7.8}{\376\377\0007\000.\0008\000\040\000m\000o\000d\000u\000l\000e\000s\000/\000c\000a\000p\000t\000u\000r\000e\000-\000f\000r\000a\000m\000e\000/\000o\000v\0007\0006\0007\0000\000.\000c\000p\000p\000\040\000F\000i\000l\000e\000\040\000R\000e\000f\000e\000r\000e\000n\000c\000e}{chapter.7}% 281
\BOOKMARK [2][-]{subsection.7.8.1}{\376\377\0007\000.\0008\000.\0001\000\040\000M\000a\000c\000r\000o\000\040\000D\000e\000f\000i\000n\000i\000t\000i\000o\000n\000\040\000D\000o\000c\000u\000m\000e\000n\000t\000a\000t\000i\000o\000n}{section.7.8}% 282
\BOOKMARK [3][-]{subsubsection.7.8.1.1}{\376\377\0007\000.\0008\000.\0001\000.\0001\000\040\000D\000E\000B\000U\000G\000\137\000O\000V\0007\0006\0007\0000}{subsection.7.8.1}% 283
\BOOKMARK [3][-]{subsubsection.7.8.1.2}{\376\377\0007\000.\0008\000.\0001\000.\0002\000\040\000D\000E\000B\000U\000G\000\137\000P\000R\000I\000N\000T}{subsection.7.8.1}% 284
\BOOKMARK [1][-]{section.7.9}{\376\377\0007\000.\0009\000\040\000m\000o\000d\000u\000l\000e\000s\000/\000c\000a\000p\000t\000u\000r\000e\000-\000f\000r\000a\000m\000e\000/\000o\000v\0007\0006\0007\0000\000.\000h\000p\000p\000\040\000F\000i\000l\000e\000\040\000R\000e\000f\000e\000r\000e\000n\000c\000e}{chapter.7}% 285
\BOOKMARK [2][-]{subsection.7.9.1}{\376\377\0007\000.\0009\000.\0001\000\040\000M\000a\000c\000r\000o\000\040\000D\000e\000f\000i\000n\000i\000t\000i\000o\000n\000\040\000D\000o\000c\000u\000m\000e\000n\000t\000a\000t\000i\000o\000n}{section.7.9}% 286
\BOOKMARK [3][-]{subsubsection.7.9.1.1}{\376\377\0007\000.\0009\000.\0001\000.\0001\000\040\000C\000L\000E\000A\000R}{subsection.7.9.1}% 287
\BOOKMARK [1][-]{section.7.10}{\376\377\0007\000.\0001\0000\000\040\000m\000o\000d\000u\000l\000e\000s\000/\000c\000a\000p\000t\000u\000r\000e\000-\000f\000r\000a\000m\000e\000/\000R\000e\000c\000o\000g\000n\000i\000t\000i\000o\000n\000R\000e\000s\000u\000l\000t\000.\000h\000p\000p\000\040\000F\000i\000l\000e\000\040\000R\000e\000f\000e\000r\000e\000n\000c\000e}{chapter.7}% 288
\BOOKMARK [1][-]{section.7.11}{\376\377\0007\000.\0001\0001\000\040\000m\000o\000d\000u\000l\000e\000s\000/\000c\000a\000p\000t\000u\000r\000e\000-\000f\000r\000a\000m\000e\000/\000v\000\137\000d\000e\000m\000o\000s\000a\000i\000c\000.\000c\000p\000p\000\040\000F\000i\000l\000e\000\040\000R\000e\000f\000e\000r\000e\000n\000c\000e}{chapter.7}% 289
\BOOKMARK [2][-]{subsection.7.11.1}{\376\377\0007\000.\0001\0001\000.\0001\000\040\000M\000a\000c\000r\000o\000\040\000D\000e\000f\000i\000n\000i\000t\000i\000o\000n\000\040\000D\000o\000c\000u\000m\000e\000n\000t\000a\000t\000i\000o\000n}{section.7.11}% 290
\BOOKMARK [3][-]{subsubsection.7.11.1.1}{\376\377\0007\000.\0001\0001\000.\0001\000.\0001\000\040\000D\000E\000B\000U\000G\000\137\000D\000E\000M\000O\000S\000A\000I\000C}{subsection.7.11.1}% 291
\BOOKMARK [3][-]{subsubsection.7.11.1.2}{\376\377\0007\000.\0001\0001\000.\0001\000.\0002\000\040\000D\000E\000B\000U\000G\000\137\000P\000R\000I\000N\000T}{subsection.7.11.1}% 292
\BOOKMARK [1][-]{section.7.12}{\376\377\0007\000.\0001\0002\000\040\000m\000o\000d\000u\000l\000e\000s\000/\000c\000a\000p\000t\000u\000r\000e\000-\000f\000r\000a\000m\000e\000/\000v\000\137\000d\000e\000m\000o\000s\000a\000i\000c\000.\000h\000p\000p\000\040\000F\000i\000l\000e\000\040\000R\000e\000f\000e\000r\000e\000n\000c\000e}{chapter.7}% 293
\BOOKMARK [2][-]{subsection.7.12.1}{\376\377\0007\000.\0001\0002\000.\0001\000\040\000M\000a\000c\000r\000o\000\040\000D\000e\000f\000i\000n\000i\000t\000i\000o\000n\000\040\000D\000o\000c\000u\000m\000e\000n\000t\000a\000t\000i\000o\000n}{section.7.12}% 294
\BOOKMARK [3][-]{subsubsection.7.12.1.1}{\376\377\0007\000.\0001\0002\000.\0001\000.\0001\000\040\000C\000L\000E\000A\000R}{subsection.7.12.1}% 295
\BOOKMARK [1][-]{section.7.13}{\376\377\0007\000.\0001\0003\000\040\000m\000o\000d\000u\000l\000e\000s\000/\000c\000a\000p\000t\000u\000r\000e\000-\000f\000r\000a\000m\000e\000/\000V\000i\000r\000t\000u\000a\000l\000I\000m\000a\000g\000e\000.\000c\000p\000p\000\040\000F\000i\000l\000e\000\040\000R\000e\000f\000e\000r\000e\000n\000c\000e}{chapter.7}% 296
\BOOKMARK [1][-]{section.7.14}{\376\377\0007\000.\0001\0004\000\040\000m\000o\000d\000u\000l\000e\000s\000/\000c\000a\000p\000t\000u\000r\000e\000-\000f\000r\000a\000m\000e\000/\000V\000i\000r\000t\000u\000a\000l\000I\000m\000a\000g\000e\000.\000h\000p\000p\000\040\000F\000i\000l\000e\000\040\000R\000e\000f\000e\000r\000e\000n\000c\000e}{chapter.7}% 297
\BOOKMARK [1][-]{section.7.15}{\376\377\0007\000.\0001\0005\000\040\000m\000o\000d\000u\000l\000e\000s\000/\000c\000o\000m\000p\000a\000s\000s\000/\000C\000o\000m\000p\000a\000s\000s\000.\000c\000p\000p\000\040\000F\000i\000l\000e\000\040\000R\000e\000f\000e\000r\000e\000n\000c\000e}{chapter.7}% 298
\BOOKMARK [2][-]{subsection.7.15.1}{\376\377\0007\000.\0001\0005\000.\0001\000\040\000M\000a\000c\000r\000o\000\040\000D\000e\000f\000i\000n\000i\000t\000i\000o\000n\000\040\000D\000o\000c\000u\000m\000e\000n\000t\000a\000t\000i\000o\000n}{section.7.15}% 299
\BOOKMARK [3][-]{subsubsection.7.15.1.1}{\376\377\0007\000.\0001\0005\000.\0001\000.\0001\000\040\000D\000E\000B\000U\000G\000\137\000P\000R\000I\000N\000T}{subsection.7.15.1}% 300
\BOOKMARK [1][-]{section.7.16}{\376\377\0007\000.\0001\0006\000\040\000m\000o\000d\000u\000l\000e\000s\000/\000c\000o\000m\000p\000a\000s\000s\000/\000C\000o\000m\000p\000a\000s\000s\000.\000h\000p\000p\000\040\000F\000i\000l\000e\000\040\000R\000e\000f\000e\000r\000e\000n\000c\000e}{chapter.7}% 301
\BOOKMARK [1][-]{section.7.17}{\376\377\0007\000.\0001\0007\000\040\000m\000o\000d\000u\000l\000e\000s\000/\000c\000o\000m\000p\000a\000s\000s\000/\000R\000e\000g\000i\000s\000t\000e\000r\000s\000.\000h\000p\000p\000\040\000F\000i\000l\000e\000\040\000R\000e\000f\000e\000r\000e\000n\000c\000e}{chapter.7}% 302
\BOOKMARK [1][-]{section.7.18}{\376\377\0007\000.\0001\0008\000\040\000m\000o\000d\000u\000l\000e\000s\000/\000d\000r\000i\000v\000e\000r\000/\000D\000r\000i\000v\000e\000r\000.\000h\000p\000p\000\040\000F\000i\000l\000e\000\040\000R\000e\000f\000e\000r\000e\000n\000c\000e}{chapter.7}% 303
\BOOKMARK [2][-]{subsection.7.18.1}{\376\377\0007\000.\0001\0008\000.\0001\000\040\000M\000a\000c\000r\000o\000\040\000D\000e\000f\000i\000n\000i\000t\000i\000o\000n\000\040\000D\000o\000c\000u\000m\000e\000n\000t\000a\000t\000i\000o\000n}{section.7.18}% 304
\BOOKMARK [3][-]{subsubsection.7.18.1.1}{\376\377\0007\000.\0001\0008\000.\0001\000.\0001\000\040\000A\000X\000I\000\137\000T\000I\000M\000E\000R\000\137\000I\000O\000C\000\137\000N\000M\000A\000G\000I\000C\000O}{subsection.7.18.1}% 305
\BOOKMARK [3][-]{subsubsection.7.18.1.2}{\376\377\0007\000.\0001\0008\000.\0001\000.\0002\000\040\000A\000X\000I\000\137\000T\000I\000M\000E\000R\000\137\000I\000O\000C\000\137\000T\000\137\000O\000N}{subsection.7.18.1}% 306
\BOOKMARK [3][-]{subsubsection.7.18.1.3}{\376\377\0007\000.\0001\0008\000.\0001\000.\0003\000\040\000L\0002\0009\0008\000N\000\137\000I\000O\000C\000\137\000B\000A\000C\000K}{subsection.7.18.1}% 307
\BOOKMARK [3][-]{subsubsection.7.18.1.4}{\376\377\0007\000.\0001\0008\000.\0001\000.\0004\000\040\000L\0002\0009\0008\000N\000\137\000I\000O\000C\000\137\000F\000O\000R\000W\000A\000R\000D}{subsection.7.18.1}% 308
\BOOKMARK [3][-]{subsubsection.7.18.1.5}{\376\377\0007\000.\0001\0008\000.\0001\000.\0005\000\040\000L\0002\0009\0008\000N\000\137\000I\000O\000C\000\137\000L\000E\000F\000T}{subsection.7.18.1}% 309
\BOOKMARK [3][-]{subsubsection.7.18.1.6}{\376\377\0007\000.\0001\0008\000.\0001\000.\0006\000\040\000L\0002\0009\0008\000N\000\137\000I\000O\000C\000\137\000N\000M\000A\000G\000I\000C\000O}{subsection.7.18.1}% 310
\BOOKMARK [3][-]{subsubsection.7.18.1.7}{\376\377\0007\000.\0001\0008\000.\0001\000.\0007\000\040\000L\0002\0009\0008\000N\000\137\000I\000O\000C\000\137\000R\000I\000G\000H\000T}{subsection.7.18.1}% 311
\BOOKMARK [3][-]{subsubsection.7.18.1.8}{\376\377\0007\000.\0001\0008\000.\0001\000.\0008\000\040\000L\0002\0009\0008\000N\000\137\000I\000O\000C\000\137\000S\000T\000O\000P}{subsection.7.18.1}% 312
\BOOKMARK [1][-]{section.7.19}{\376\377\0007\000.\0001\0009\000\040\000m\000o\000d\000u\000l\000e\000s\000/\000f\000u\000z\000z\000y\000-\000c\000o\000n\000t\000r\000o\000l\000-\000s\000y\000s\000t\000e\000m\000/\000F\000u\000z\000z\000y\000A\000n\000d\000.\000c\000p\000p\000\040\000F\000i\000l\000e\000\040\000R\000e\000f\000e\000r\000e\000n\000c\000e}{chapter.7}% 313
\BOOKMARK [2][-]{subsection.7.19.1}{\376\377\0007\000.\0001\0009\000.\0001\000\040\000M\000a\000c\000r\000o\000\040\000D\000e\000f\000i\000n\000i\000t\000i\000o\000n\000\040\000D\000o\000c\000u\000m\000e\000n\000t\000a\000t\000i\000o\000n}{section.7.19}% 314
\BOOKMARK [3][-]{subsubsection.7.19.1.1}{\376\377\0007\000.\0001\0009\000.\0001\000.\0001\000\040\000D\000E\000B\000U\000G\000\137\000P\000R\000I\000N\000T}{subsection.7.19.1}% 315
\BOOKMARK [1][-]{section.7.20}{\376\377\0007\000.\0002\0000\000\040\000m\000o\000d\000u\000l\000e\000s\000/\000f\000u\000z\000z\000y\000-\000c\000o\000n\000t\000r\000o\000l\000-\000s\000y\000s\000t\000e\000m\000/\000F\000u\000z\000z\000y\000A\000n\000d\000.\000h\000p\000p\000\040\000F\000i\000l\000e\000\040\000R\000e\000f\000e\000r\000e\000n\000c\000e}{chapter.7}% 316
\BOOKMARK [1][-]{section.7.21}{\376\377\0007\000.\0002\0001\000\040\000m\000o\000d\000u\000l\000e\000s\000/\000f\000u\000z\000z\000y\000-\000c\000o\000n\000t\000r\000o\000l\000-\000s\000y\000s\000t\000e\000m\000/\000F\000u\000z\000z\000y\000C\000o\000m\000p\000a\000r\000a\000t\000i\000o\000n\000.\000c\000p\000p\000\040\000F\000i\000l\000e\000\040\000R\000e\000f\000e\000r\000e\000n\000c\000e}{chapter.7}% 317
\BOOKMARK [2][-]{subsection.7.21.1}{\376\377\0007\000.\0002\0001\000.\0001\000\040\000M\000a\000c\000r\000o\000\040\000D\000e\000f\000i\000n\000i\000t\000i\000o\000n\000\040\000D\000o\000c\000u\000m\000e\000n\000t\000a\000t\000i\000o\000n}{section.7.21}% 318
\BOOKMARK [3][-]{subsubsection.7.21.1.1}{\376\377\0007\000.\0002\0001\000.\0001\000.\0001\000\040\000D\000E\000B\000U\000G\000\137\000P\000R\000I\000N\000T}{subsection.7.21.1}% 319
\BOOKMARK [1][-]{section.7.22}{\376\377\0007\000.\0002\0002\000\040\000m\000o\000d\000u\000l\000e\000s\000/\000f\000u\000z\000z\000y\000-\000c\000o\000n\000t\000r\000o\000l\000-\000s\000y\000s\000t\000e\000m\000/\000F\000u\000z\000z\000y\000C\000o\000m\000p\000a\000r\000a\000t\000i\000o\000n\000.\000h\000p\000p\000\040\000F\000i\000l\000e\000\040\000R\000e\000f\000e\000r\000e\000n\000c\000e}{chapter.7}% 320
\BOOKMARK [1][-]{section.7.23}{\376\377\0007\000.\0002\0003\000\040\000m\000o\000d\000u\000l\000e\000s\000/\000f\000u\000z\000z\000y\000-\000c\000o\000n\000t\000r\000o\000l\000-\000s\000y\000s\000t\000e\000m\000/\000F\000u\000z\000z\000y\000C\000o\000n\000d\000i\000t\000i\000o\000n\000.\000h\000p\000p\000\040\000F\000i\000l\000e\000\040\000R\000e\000f\000e\000r\000e\000n\000c\000e}{chapter.7}% 321
\BOOKMARK [1][-]{section.7.24}{\376\377\0007\000.\0002\0004\000\040\000m\000o\000d\000u\000l\000e\000s\000/\000f\000u\000z\000z\000y\000-\000c\000o\000n\000t\000r\000o\000l\000-\000s\000y\000s\000t\000e\000m\000/\000F\000u\000z\000z\000y\000C\000o\000n\000t\000r\000o\000l\000S\000y\000s\000t\000e\000m\000.\000c\000p\000p\000\040\000F\000i\000l\000e\000\040\000R\000e\000f\000e\000r\000e\000n\000c\000e}{chapter.7}% 322
\BOOKMARK [2][-]{subsection.7.24.1}{\376\377\0007\000.\0002\0004\000.\0001\000\040\000M\000a\000c\000r\000o\000\040\000D\000e\000f\000i\000n\000i\000t\000i\000o\000n\000\040\000D\000o\000c\000u\000m\000e\000n\000t\000a\000t\000i\000o\000n}{section.7.24}% 323
\BOOKMARK [3][-]{subsubsection.7.24.1.1}{\376\377\0007\000.\0002\0004\000.\0001\000.\0001\000\040\000D\000E\000B\000U\000G\000\137\000F\000U\000Z\000Z\000Y\000C\000O\000N\000T\000R\000O\000L\000S\000Y\000S\000T\000E\000M}{subsection.7.24.1}% 324
\BOOKMARK [3][-]{subsubsection.7.24.1.2}{\376\377\0007\000.\0002\0004\000.\0001\000.\0002\000\040\000D\000E\000B\000U\000G\000\137\000P\000R\000I\000N\000T}{subsection.7.24.1}% 325
\BOOKMARK [1][-]{section.7.25}{\376\377\0007\000.\0002\0005\000\040\000m\000o\000d\000u\000l\000e\000s\000/\000f\000u\000z\000z\000y\000-\000c\000o\000n\000t\000r\000o\000l\000-\000s\000y\000s\000t\000e\000m\000/\000F\000u\000z\000z\000y\000C\000o\000n\000t\000r\000o\000l\000S\000y\000s\000t\000e\000m\000.\000h\000p\000p\000\040\000F\000i\000l\000e\000\040\000R\000e\000f\000e\000r\000e\000n\000c\000e}{chapter.7}% 326
\BOOKMARK [1][-]{section.7.26}{\376\377\0007\000.\0002\0006\000\040\000m\000o\000d\000u\000l\000e\000s\000/\000f\000u\000z\000z\000y\000-\000c\000o\000n\000t\000r\000o\000l\000-\000s\000y\000s\000t\000e\000m\000/\000F\000u\000z\000z\000y\000I\000n\000p\000u\000t\000.\000c\000p\000p\000\040\000F\000i\000l\000e\000\040\000R\000e\000f\000e\000r\000e\000n\000c\000e}{chapter.7}% 327
\BOOKMARK [1][-]{section.7.27}{\376\377\0007\000.\0002\0007\000\040\000m\000o\000d\000u\000l\000e\000s\000/\000f\000u\000z\000z\000y\000-\000c\000o\000n\000t\000r\000o\000l\000-\000s\000y\000s\000t\000e\000m\000/\000F\000u\000z\000z\000y\000I\000n\000p\000u\000t\000.\000h\000p\000p\000\040\000F\000i\000l\000e\000\040\000R\000e\000f\000e\000r\000e\000n\000c\000e}{chapter.7}% 328
\BOOKMARK [1][-]{section.7.28}{\376\377\0007\000.\0002\0008\000\040\000m\000o\000d\000u\000l\000e\000s\000/\000f\000u\000z\000z\000y\000-\000c\000o\000n\000t\000r\000o\000l\000-\000s\000y\000s\000t\000e\000m\000/\000F\000u\000z\000z\000y\000I\000O\000.\000h\000p\000p\000\040\000F\000i\000l\000e\000\040\000R\000e\000f\000e\000r\000e\000n\000c\000e}{chapter.7}% 329
\BOOKMARK [1][-]{section.7.29}{\376\377\0007\000.\0002\0009\000\040\000m\000o\000d\000u\000l\000e\000s\000/\000f\000u\000z\000z\000y\000-\000c\000o\000n\000t\000r\000o\000l\000-\000s\000y\000s\000t\000e\000m\000/\000F\000u\000z\000z\000y\000M\000e\000m\000b\000e\000r\000s\000h\000i\000p\000.\000h\000p\000p\000\040\000F\000i\000l\000e\000\040\000R\000e\000f\000e\000r\000e\000n\000c\000e}{chapter.7}% 330
\BOOKMARK [1][-]{section.7.30}{\376\377\0007\000.\0003\0000\000\040\000m\000o\000d\000u\000l\000e\000s\000/\000f\000u\000z\000z\000y\000-\000c\000o\000n\000t\000r\000o\000l\000-\000s\000y\000s\000t\000e\000m\000/\000F\000u\000z\000z\000y\000M\000e\000m\000b\000e\000r\000s\000h\000i\000p\000T\000r\000a\000p\000e\000z\000o\000i\000d\000a\000l\000.\000c\000p\000p\000\040\000F\000i\000l\000e\000\040\000R\000e\000f\000e\000r\000e\000n\000c\000e}{chapter.7}% 331
\BOOKMARK [1][-]{section.7.31}{\376\377\0007\000.\0003\0001\000\040\000m\000o\000d\000u\000l\000e\000s\000/\000f\000u\000z\000z\000y\000-\000c\000o\000n\000t\000r\000o\000l\000-\000s\000y\000s\000t\000e\000m\000/\000F\000u\000z\000z\000y\000M\000e\000m\000b\000e\000r\000s\000h\000i\000p\000T\000r\000a\000p\000e\000z\000o\000i\000d\000a\000l\000.\000h\000p\000p\000\040\000F\000i\000l\000e\000\040\000R\000e\000f\000e\000r\000e\000n\000c\000e}{chapter.7}% 332
\BOOKMARK [1][-]{section.7.32}{\376\377\0007\000.\0003\0002\000\040\000m\000o\000d\000u\000l\000e\000s\000/\000f\000u\000z\000z\000y\000-\000c\000o\000n\000t\000r\000o\000l\000-\000s\000y\000s\000t\000e\000m\000/\000F\000u\000z\000z\000y\000O\000u\000t\000p\000u\000t\000.\000c\000p\000p\000\040\000F\000i\000l\000e\000\040\000R\000e\000f\000e\000r\000e\000n\000c\000e}{chapter.7}% 333
\BOOKMARK [2][-]{subsection.7.32.1}{\376\377\0007\000.\0003\0002\000.\0001\000\040\000M\000a\000c\000r\000o\000\040\000D\000e\000f\000i\000n\000i\000t\000i\000o\000n\000\040\000D\000o\000c\000u\000m\000e\000n\000t\000a\000t\000i\000o\000n}{section.7.32}% 334
\BOOKMARK [3][-]{subsubsection.7.32.1.1}{\376\377\0007\000.\0003\0002\000.\0001\000.\0001\000\040\000D\000E\000B\000U\000G\000\137\000O\000U\000T\000P\000U\000T}{subsection.7.32.1}% 335
\BOOKMARK [3][-]{subsubsection.7.32.1.2}{\376\377\0007\000.\0003\0002\000.\0001\000.\0002\000\040\000D\000E\000B\000U\000G\000\137\000P\000R\000I\000N\000T}{subsection.7.32.1}% 336
\BOOKMARK [1][-]{section.7.33}{\376\377\0007\000.\0003\0003\000\040\000m\000o\000d\000u\000l\000e\000s\000/\000f\000u\000z\000z\000y\000-\000c\000o\000n\000t\000r\000o\000l\000-\000s\000y\000s\000t\000e\000m\000/\000F\000u\000z\000z\000y\000O\000u\000t\000p\000u\000t\000.\000h\000p\000p\000\040\000F\000i\000l\000e\000\040\000R\000e\000f\000e\000r\000e\000n\000c\000e}{chapter.7}% 337
\BOOKMARK [1][-]{section.7.34}{\376\377\0007\000.\0003\0004\000\040\000m\000o\000d\000u\000l\000e\000s\000/\000f\000u\000z\000z\000y\000-\000c\000o\000n\000t\000r\000o\000l\000-\000s\000y\000s\000t\000e\000m\000/\000F\000u\000z\000z\000y\000R\000u\000l\000e\000.\000c\000p\000p\000\040\000F\000i\000l\000e\000\040\000R\000e\000f\000e\000r\000e\000n\000c\000e}{chapter.7}% 338
\BOOKMARK [2][-]{subsection.7.34.1}{\376\377\0007\000.\0003\0004\000.\0001\000\040\000M\000a\000c\000r\000o\000\040\000D\000e\000f\000i\000n\000i\000t\000i\000o\000n\000\040\000D\000o\000c\000u\000m\000e\000n\000t\000a\000t\000i\000o\000n}{section.7.34}% 339
\BOOKMARK [3][-]{subsubsection.7.34.1.1}{\376\377\0007\000.\0003\0004\000.\0001\000.\0001\000\040\000D\000E\000B\000U\000G\000\137\000P\000R\000I\000N\000T}{subsection.7.34.1}% 340
\BOOKMARK [3][-]{subsubsection.7.34.1.2}{\376\377\0007\000.\0003\0004\000.\0001\000.\0002\000\040\000D\000E\000B\000U\000G\000\137\000R\000U\000L\000E}{subsection.7.34.1}% 341
\BOOKMARK [1][-]{section.7.35}{\376\377\0007\000.\0003\0005\000\040\000m\000o\000d\000u\000l\000e\000s\000/\000f\000u\000z\000z\000y\000-\000c\000o\000n\000t\000r\000o\000l\000-\000s\000y\000s\000t\000e\000m\000/\000F\000u\000z\000z\000y\000R\000u\000l\000e\000.\000h\000p\000p\000\040\000F\000i\000l\000e\000\040\000R\000e\000f\000e\000r\000e\000n\000c\000e}{chapter.7}% 342
\BOOKMARK [1][-]{section.7.36}{\376\377\0007\000.\0003\0006\000\040\000m\000o\000d\000u\000l\000e\000s\000/\000h\000c\000-\000s\000r\0000\0004\000/\000D\000i\000s\000t\000a\000n\000c\000e\000S\000e\000n\000s\000o\000r\000s\000.\000c\000p\000p\000\040\000F\000i\000l\000e\000\040\000R\000e\000f\000e\000r\000e\000n\000c\000e}{chapter.7}% 343
\BOOKMARK [2][-]{subsection.7.36.1}{\376\377\0007\000.\0003\0006\000.\0001\000\040\000M\000a\000c\000r\000o\000\040\000D\000e\000f\000i\000n\000i\000t\000i\000o\000n\000\040\000D\000o\000c\000u\000m\000e\000n\000t\000a\000t\000i\000o\000n}{section.7.36}% 344
\BOOKMARK [3][-]{subsubsection.7.36.1.1}{\376\377\0007\000.\0003\0006\000.\0001\000.\0001\000\040\000D\000E\000B\000U\000G\000\137\000P\000R\000I\000N\000T}{subsection.7.36.1}% 345
\BOOKMARK [3][-]{subsubsection.7.36.1.2}{\376\377\0007\000.\0003\0006\000.\0001\000.\0002\000\040\000H\000C\000S\000R\0000\0004\000\137\000I\000O\000C\000\137\000N\000M\000A\000G\000I\000C\000O}{subsection.7.36.1}% 346
\BOOKMARK [3][-]{subsubsection.7.36.1.3}{\376\377\0007\000.\0003\0006\000.\0001\000.\0003\000\040\000H\000C\000S\000R\0000\0004\000\137\000I\000O\000C\000\137\000T\000R\000I\000G\000G\000E\000R}{subsection.7.36.1}% 347
\BOOKMARK [1][-]{section.7.37}{\376\377\0007\000.\0003\0007\000\040\000m\000o\000d\000u\000l\000e\000s\000/\000h\000c\000-\000s\000r\0000\0004\000/\000D\000i\000s\000t\000a\000n\000c\000e\000S\000e\000n\000s\000o\000r\000s\000.\000h\000p\000p\000\040\000F\000i\000l\000e\000\040\000R\000e\000f\000e\000r\000e\000n\000c\000e}{chapter.7}% 348
\BOOKMARK [1][-]{section.7.38}{\376\377\0007\000.\0003\0008\000\040\000m\000o\000d\000u\000l\000e\000s\000/\000h\000c\000-\000s\000r\0000\0004\000/\000S\000i\000m\000p\000l\000e\000M\000o\000v\000i\000n\000g\000A\000v\000e\000r\000a\000g\000e\000.\000h\000p\000p\000\040\000F\000i\000l\000e\000\040\000R\000e\000f\000e\000r\000e\000n\000c\000e}{chapter.7}% 349
\BOOKMARK [1][-]{section.7.39}{\376\377\0007\000.\0003\0009\000\040\000m\000o\000d\000u\000l\000e\000s\000/\000h\000e\000a\000d\000l\000i\000g\000h\000t\000s\000/\000H\000e\000a\000d\000l\000i\000g\000h\000t\000s\000.\000h\000p\000p\000\040\000F\000i\000l\000e\000\040\000R\000e\000f\000e\000r\000e\000n\000c\000e}{chapter.7}% 350
\BOOKMARK [2][-]{subsection.7.39.1}{\376\377\0007\000.\0003\0009\000.\0001\000\040\000M\000a\000c\000r\000o\000\040\000D\000e\000f\000i\000n\000i\000t\000i\000o\000n\000\040\000D\000o\000c\000u\000m\000e\000n\000t\000a\000t\000i\000o\000n}{section.7.39}% 351
\BOOKMARK [3][-]{subsubsection.7.39.1.1}{\376\377\0007\000.\0003\0009\000.\0001\000.\0001\000\040\000A\000X\000I\000\137\000T\000I\000M\000E\000R\000\137\000I\000O\000C\000\137\000N\000M\000A\000G\000I\000C\000O}{subsection.7.39.1}% 352
\BOOKMARK [3][-]{subsubsection.7.39.1.2}{\376\377\0007\000.\0003\0009\000.\0001\000.\0002\000\040\000A\000X\000I\000\137\000T\000I\000M\000E\000R\000\137\000I\000O\000C\000\137\000T\000\137\000O\000N}{subsection.7.39.1}% 353
\BOOKMARK [1][-]{section.7.40}{\376\377\0007\000.\0004\0000\000\040\000m\000o\000d\000u\000l\000e\000s\000/\000l\000o\000g\000g\000e\000r\000/\000L\000o\000g\000g\000e\000r\000.\000c\000p\000p\000\040\000F\000i\000l\000e\000\040\000R\000e\000f\000e\000r\000e\000n\000c\000e}{chapter.7}% 354
\BOOKMARK [1][-]{section.7.41}{\376\377\0007\000.\0004\0001\000\040\000m\000o\000d\000u\000l\000e\000s\000/\000l\000o\000g\000g\000e\000r\000/\000L\000o\000g\000g\000e\000r\000.\000h\000p\000p\000\040\000F\000i\000l\000e\000\040\000R\000e\000f\000e\000r\000e\000n\000c\000e}{chapter.7}% 355
\BOOKMARK [1][-]{section.7.42}{\376\377\0007\000.\0004\0002\000\040\000m\000o\000d\000u\000l\000e\000s\000/\000l\000o\000g\000g\000e\000r\000/\000L\000o\000g\000L\000e\000v\000e\000l\000s\000.\000h\000p\000p\000\040\000F\000i\000l\000e\000\040\000R\000e\000f\000e\000r\000e\000n\000c\000e}{chapter.7}% 356
\BOOKMARK [2][-]{subsection.7.42.1}{\376\377\0007\000.\0004\0002\000.\0001\000\040\000E\000n\000u\000m\000e\000r\000a\000t\000i\000o\000n\000\040\000T\000y\000p\000e\000\040\000D\000o\000c\000u\000m\000e\000n\000t\000a\000t\000i\000o\000n}{section.7.42}% 357
\BOOKMARK [3][-]{subsubsection.7.42.1.1}{\376\377\0007\000.\0004\0002\000.\0001\000.\0001\000\040\000L\000o\000g\000L\000e\000v\000e\000l\000s}{subsection.7.42.1}% 358
\BOOKMARK [1][-]{section.7.43}{\376\377\0007\000.\0004\0003\000\040\000m\000o\000d\000u\000l\000e\000s\000/\000l\000o\000g\000g\000e\000r\000/\000L\000o\000g\000S\000t\000r\000e\000a\000m\000.\000c\000p\000p\000\040\000F\000i\000l\000e\000\040\000R\000e\000f\000e\000r\000e\000n\000c\000e}{chapter.7}% 359
\BOOKMARK [1][-]{section.7.44}{\376\377\0007\000.\0004\0004\000\040\000m\000o\000d\000u\000l\000e\000s\000/\000l\000o\000g\000g\000e\000r\000/\000L\000o\000g\000S\000t\000r\000e\000a\000m\000.\000h\000p\000p\000\040\000F\000i\000l\000e\000\040\000R\000e\000f\000e\000r\000e\000n\000c\000e}{chapter.7}% 360
\BOOKMARK [1][-]{section.7.45}{\376\377\0007\000.\0004\0005\000\040\000m\000o\000d\000u\000l\000e\000s\000/\000u\000t\000i\000l\000i\000t\000i\000e\000s\000/\000u\000t\000i\000l\000i\000t\000i\000e\000s\000.\000h\000p\000p\000\040\000F\000i\000l\000e\000\040\000R\000e\000f\000e\000r\000e\000n\000c\000e}{chapter.7}% 361
\BOOKMARK [2][-]{subsection.7.45.1}{\376\377\0007\000.\0004\0005\000.\0001\000\040\000F\000u\000n\000c\000t\000i\000o\000n\000\040\000D\000o\000c\000u\000m\000e\000n\000t\000a\000t\000i\000o\000n}{section.7.45}% 362
\BOOKMARK [3][-]{subsubsection.7.45.1.1}{\376\377\0007\000.\0004\0005\000.\0001\000.\0001\000\040\000p\000r\000i\000n\000t\000f\000\050\000\051}{subsection.7.45.1}% 363
\BOOKMARK [2][-]{subsection.7.45.2}{\376\377\0007\000.\0004\0005\000.\0002\000\040\000V\000a\000r\000i\000a\000b\000l\000e\000\040\000D\000o\000c\000u\000m\000e\000n\000t\000a\000t\000i\000o\000n}{section.7.45}% 364
\BOOKMARK [3][-]{subsubsection.7.45.2.1}{\376\377\0007\000.\0004\0005\000.\0002\000.\0001\000\040\000b\000e\000g\000i\000n}{subsection.7.45.2}% 365
\BOOKMARK [3][-]{subsubsection.7.45.2.2}{\376\377\0007\000.\0004\0005\000.\0002\000.\0002\000\040\000e\000l\000a\000p\000s\000e\000d}{subsection.7.45.2}% 366
\BOOKMARK [3][-]{subsubsection.7.45.2.3}{\376\377\0007\000.\0004\0005\000.\0002\000.\0003\000\040\000e\000n\000d}{subsection.7.45.2}% 367
\BOOKMARK [1][-]{section.7.46}{\376\377\0007\000.\0004\0006\000\040\000S\000m\000a\000r\000t\000N\000a\000v\000.\000h\000p\000p\000\040\000F\000i\000l\000e\000\040\000R\000e\000f\000e\000r\000e\000n\000c\000e}{chapter.7}% 368
\BOOKMARK [0][-]{section*.216}{\376\377\000I\000n\000d\000e\000x}{}% 369
